<?xml version="1.0" encoding="UTF-8"?>
<testng-results ignored="0" total="1" passed="0" failed="1" skipped="0">
  <reporter-output>
  </reporter-output>
  <suite started-at="2023-06-29T20:28:32 IST" name="Default suite" finished-at="2023-06-29T20:30:34 IST" duration-ms="122199">
    <groups>
    </groups>
    <test started-at="2023-06-29T20:28:32 IST" name="Default test" finished-at="2023-06-29T20:30:34 IST" duration-ms="122199">
      <class name="Test_class.Patch_Ref_DataDriven">
        <test-method signature="extractor()[pri:0, instance:Test_class.Patch_Ref_DataDriven@8519cb4]" started-at="2023-06-29T20:28:32 IST" name="extractor" finished-at="2023-06-29T20:30:34 IST" duration-ms="121858" status="FAIL">
          <exception class="java.lang.StackOverflowError">
            <full-stacktrace>
              <![CDATA[java.lang.StackOverflowError
at java.xml/com.sun.org.apache.xerces.internal.util.SymbolTable$Entry.<init>(SymbolTable.java:461)
at java.xml/com.sun.org.apache.xerces.internal.util.SymbolTable.addSymbol0(SymbolTable.java:248)
at java.xml/com.sun.org.apache.xerces.internal.util.SymbolTable.addSymbol(SymbolTable.java:229)
at java.xml/com.sun.org.apache.xerces.internal.impl.XMLEntityScanner.scanQName(XMLEntityScanner.java:865)
at java.xml/com.sun.org.apache.xerces.internal.impl.XMLNSDocumentScannerImpl.scanAttribute(XMLNSDocumentScannerImpl.java:408)
at java.xml/com.sun.org.apache.xerces.internal.impl.XMLNSDocumentScannerImpl.scanStartElement(XMLNSDocumentScannerImpl.java:250)
at java.xml/com.sun.org.apache.xerces.internal.impl.XMLNSDocumentScannerImpl$NSContentDriver.scanRootElementHook(XMLNSDocumentScannerImpl.java:613)
at java.xml/com.sun.org.apache.xerces.internal.impl.XMLDocumentFragmentScannerImpl$FragmentContentDriver.next(XMLDocumentFragmentScannerImpl.java:3079)
at java.xml/com.sun.org.apache.xerces.internal.impl.XMLDocumentScannerImpl$PrologDriver.next(XMLDocumentScannerImpl.java:836)
at java.xml/com.sun.org.apache.xerces.internal.impl.XMLDocumentScannerImpl.next(XMLDocumentScannerImpl.java:605)
at java.xml/com.sun.org.apache.xerces.internal.impl.XMLNSDocumentScannerImpl.next(XMLNSDocumentScannerImpl.java:112)
at java.xml/com.sun.org.apache.xerces.internal.impl.XMLDocumentFragmentScannerImpl.scanDocument(XMLDocumentFragmentScannerImpl.java:542)
at java.xml/com.sun.org.apache.xerces.internal.parsers.XML11Configuration.parse(XML11Configuration.java:889)
at java.xml/com.sun.org.apache.xerces.internal.parsers.XML11Configuration.parse(XML11Configuration.java:825)
at java.xml/com.sun.org.apache.xerces.internal.parsers.XMLParser.parse(XMLParser.java:141)
at java.xml/com.sun.org.apache.xerces.internal.parsers.AbstractSAXParser.parse(AbstractSAXParser.java:1224)
at java.xml/com.sun.org.apache.xerces.internal.jaxp.SAXParserImpl$JAXPSAXParser.parse(SAXParserImpl.java:637)
at org.apache.xmlbeans.impl.store.Locale$SaxLoader.load(Locale.java:2532)
at org.apache.xmlbeans.impl.store.Locale.lambda$parseToXmlObject$3(Locale.java:717)
at org.apache.xmlbeans.impl.store.Locale.syncWrap(Locale.java:490)
at org.apache.xmlbeans.impl.store.Locale.parseToXmlObject(Locale.java:716)
at org.apache.xmlbeans.impl.schema.SchemaTypeLoaderBase.parse(SchemaTypeLoaderBase.java:233)
at org.apache.xmlbeans.impl.schema.AbstractDocumentFactory.parse(AbstractDocumentFactory.java:71)
at org.apache.poi.xssf.model.StylesTable.readFrom(StylesTable.java:219)
at org.apache.poi.xssf.model.StylesTable.<init>(StylesTable.java:159)
at org.apache.poi.ooxml.POIXMLFactory.createDocumentPart(POIXMLFactory.java:61)
at org.apache.poi.ooxml.POIXMLDocumentPart.read(POIXMLDocumentPart.java:661)
at org.apache.poi.ooxml.POIXMLDocument.load(POIXMLDocument.java:165)
at org.apache.poi.xssf.usermodel.XSSFWorkbook.<init>(XSSFWorkbook.java:260)
at org.apache.poi.xssf.usermodel.XSSFWorkbook.<init>(XSSFWorkbook.java:290)
at org.apache.poi.xssf.usermodel.XSSFWorkbook.<init>(XSSFWorkbook.java:286)
at Common_Methods.Common_Utility_Method.ReadDataExcel(Common_Utility_Method.java:36)
at Request_Repository.Patch_Req_Repository.Patch_Req_TC1(Patch_Req_Repository.java:20)
at Request_Repository.Patch_Req_Repository.Patch_Req_TC1(Patch_Req_Repository.java:26)
at Request_Repository.Patch_Req_Repository.Patch_Req_TC1(Patch_Req_Repository.java:26)
at Request_Repository.Patch_Req_Repository.Patch_Req_TC1(Patch_Req_Repository.java:26)
at Request_Repository.Patch_Req_Repository.Patch_Req_TC1(Patch_Req_Repository.java:26)
at Request_Repository.Patch_Req_Repository.Patch_Req_TC1(Patch_Req_Repository.java:26)
at Request_Repository.Patch_Req_Repository.Patch_Req_TC1(Patch_Req_Repository.java:26)
at Request_Repository.Patch_Req_Repository.Patch_Req_TC1(Patch_Req_Repository.java:26)
at Request_Repository.Patch_Req_Repository.Patch_Req_TC1(Patch_Req_Repository.java:26)
at Request_Repository.Patch_Req_Repository.Patch_Req_TC1(Patch_Req_Repository.java:26)
at Request_Repository.Patch_Req_Repository.Patch_Req_TC1(Patch_Req_Repository.java:26)
at Request_Repository.Patch_Req_Repository.Patch_Req_TC1(Patch_Req_Repository.java:26)
at Request_Repository.Patch_Req_Repository.Patch_Req_TC1(Patch_Req_Repository.java:26)
at Request_Repository.Patch_Req_Repository.Patch_Req_TC1(Patch_Req_Repository.java:26)
at Request_Repository.Patch_Req_Repository.Patch_Req_TC1(Patch_Req_Repository.java:26)
at Request_Repository.Patch_Req_Repository.Patch_Req_TC1(Patch_Req_Repository.java:26)
at Request_Repository.Patch_Req_Repository.Patch_Req_TC1(Patch_Req_Repository.java:26)
at Request_Repository.Patch_Req_Repository.Patch_Req_TC1(Patch_Req_Repository.java:26)
at Request_Repository.Patch_Req_Repository.Patch_Req_TC1(Patch_Req_Repository.java:26)
at Request_Repository.Patch_Req_Repository.Patch_Req_TC1(Patch_Req_Repository.java:26)
at Request_Repository.Patch_Req_Repository.Patch_Req_TC1(Patch_Req_Repository.java:26)
at Request_Repository.Patch_Req_Repository.Patch_Req_TC1(Patch_Req_Repository.java:26)
at Request_Repository.Patch_Req_Repository.Patch_Req_TC1(Patch_Req_Repository.java:26)
at Request_Repository.Patch_Req_Repository.Patch_Req_TC1(Patch_Req_Repository.java:26)
at Request_Repository.Patch_Req_Repository.Patch_Req_TC1(Patch_Req_Repository.java:26)
at Request_Repository.Patch_Req_Repository.Patch_Req_TC1(Patch_Req_Repository.java:26)
at Request_Repository.Patch_Req_Repository.Patch_Req_TC1(Patch_Req_Repository.java:26)
at Request_Repository.Patch_Req_Repository.Patch_Req_TC1(Patch_Req_Repository.java:26)
at Request_Repository.Patch_Req_Repository.Patch_Req_TC1(Patch_Req_Repository.java:26)
at Request_Repository.Patch_Req_Repository.Patch_Req_TC1(Patch_Req_Repository.java:26)
at Request_Repository.Patch_Req_Repository.Patch_Req_TC1(Patch_Req_Repository.java:26)
at Request_Repository.Patch_Req_Repository.Patch_Req_TC1(Patch_Req_Repository.java:26)
at Request_Repository.Patch_Req_Repository.Patch_Req_TC1(Patch_Req_Repository.java:26)
at Request_Repository.Patch_Req_Repository.Patch_Req_TC1(Patch_Req_Repository.java:26)
at Request_Repository.Patch_Req_Repository.Patch_Req_TC1(Patch_Req_Repository.java:26)
at Request_Repository.Patch_Req_Repository.Patch_Req_TC1(Patch_Req_Repository.java:26)
at Request_Repository.Patch_Req_Repository.Patch_Req_TC1(Patch_Req_Repository.java:26)
at Request_Repository.Patch_Req_Repository.Patch_Req_TC1(Patch_Req_Repository.java:26)
at Request_Repository.Patch_Req_Repository.Patch_Req_TC1(Patch_Req_Repository.java:26)
at Request_Repository.Patch_Req_Repository.Patch_Req_TC1(Patch_Req_Repository.java:26)
at Request_Repository.Patch_Req_Repository.Patch_Req_TC1(Patch_Req_Repository.java:26)
at Request_Repository.Patch_Req_Repository.Patch_Req_TC1(Patch_Req_Repository.java:26)
at Request_Repository.Patch_Req_Repository.Patch_Req_TC1(Patch_Req_Repository.java:26)
at Request_Repository.Patch_Req_Repository.Patch_Req_TC1(Patch_Req_Repository.java:26)
at Request_Repository.Patch_Req_Repository.Patch_Req_TC1(Patch_Req_Repository.java:26)
at Request_Repository.Patch_Req_Repository.Patch_Req_TC1(Patch_Req_Repository.java:26)
at Request_Repository.Patch_Req_Repository.Patch_Req_TC1(Patch_Req_Repository.java:26)
at Request_Repository.Patch_Req_Repository.Patch_Req_TC1(Patch_Req_Repository.java:26)
at Request_Repository.Patch_Req_Repository.Patch_Req_TC1(Patch_Req_Repository.java:26)
at Request_Repository.Patch_Req_Repository.Patch_Req_TC1(Patch_Req_Repository.java:26)
at Request_Repository.Patch_Req_Repository.Patch_Req_TC1(Patch_Req_Repository.java:26)
at Request_Repository.Patch_Req_Repository.Patch_Req_TC1(Patch_Req_Repository.java:26)
at Request_Repository.Patch_Req_Repository.Patch_Req_TC1(Patch_Req_Repository.java:26)
at Request_Repository.Patch_Req_Repository.Patch_Req_TC1(Patch_Req_Repository.java:26)
at Request_Repository.Patch_Req_Repository.Patch_Req_TC1(Patch_Req_Repository.java:26)
at Request_Repository.Patch_Req_Repository.Patch_Req_TC1(Patch_Req_Repository.java:26)
at Request_Repository.Patch_Req_Repository.Patch_Req_TC1(Patch_Req_Repository.java:26)
at Request_Repository.Patch_Req_Repository.Patch_Req_TC1(Patch_Req_Repository.java:26)
at Request_Repository.Patch_Req_Repository.Patch_Req_TC1(Patch_Req_Repository.java:26)
at Request_Repository.Patch_Req_Repository.Patch_Req_TC1(Patch_Req_Repository.java:26)
at Request_Repository.Patch_Req_Repository.Patch_Req_TC1(Patch_Req_Repository.java:26)
at Request_Repository.Patch_Req_Repository.Patch_Req_TC1(Patch_Req_Repository.java:26)
at Request_Repository.Patch_Req_Repository.Patch_Req_TC1(Patch_Req_Repository.java:26)
at Request_Repository.Patch_Req_Repository.Patch_Req_TC1(Patch_Req_Repository.java:26)
at Request_Repository.Patch_Req_Repository.Patch_Req_TC1(Patch_Req_Repository.java:26)
at Request_Repository.Patch_Req_Repository.Patch_Req_TC1(Patch_Req_Repository.java:26)
at Request_Repository.Patch_Req_Repository.Patch_Req_TC1(Patch_Req_Repository.java:26)
at Request_Repository.Patch_Req_Repository.Patch_Req_TC1(Patch_Req_Repository.java:26)
at Request_Repository.Patch_Req_Repository.Patch_Req_TC1(Patch_Req_Repository.java:26)
at Request_Repository.Patch_Req_Repository.Patch_Req_TC1(Patch_Req_Repository.java:26)
at Request_Repository.Patch_Req_Repository.Patch_Req_TC1(Patch_Req_Repository.java:26)
at Request_Repository.Patch_Req_Repository.Patch_Req_TC1(Patch_Req_Repository.java:26)
at Request_Repository.Patch_Req_Repository.Patch_Req_TC1(Patch_Req_Repository.java:26)
at Request_Repository.Patch_Req_Repository.Patch_Req_TC1(Patch_Req_Repository.java:26)
at Request_Repository.Patch_Req_Repository.Patch_Req_TC1(Patch_Req_Repository.java:26)
at Request_Repository.Patch_Req_Repository.Patch_Req_TC1(Patch_Req_Repository.java:26)
at Request_Repository.Patch_Req_Repository.Patch_Req_TC1(Patch_Req_Repository.java:26)
at Request_Repository.Patch_Req_Repository.Patch_Req_TC1(Patch_Req_Repository.java:26)
at Request_Repository.Patch_Req_Repository.Patch_Req_TC1(Patch_Req_Repository.java:26)
at Request_Repository.Patch_Req_Repository.Patch_Req_TC1(Patch_Req_Repository.java:26)
at Request_Repository.Patch_Req_Repository.Patch_Req_TC1(Patch_Req_Repository.java:26)
at Request_Repository.Patch_Req_Repository.Patch_Req_TC1(Patch_Req_Repository.java:26)
at Request_Repository.Patch_Req_Repository.Patch_Req_TC1(Patch_Req_Repository.java:26)
at Request_Repository.Patch_Req_Repository.Patch_Req_TC1(Patch_Req_Repository.java:26)
at Request_Repository.Patch_Req_Repository.Patch_Req_TC1(Patch_Req_Repository.java:26)
at Request_Repository.Patch_Req_Repository.Patch_Req_TC1(Patch_Req_Repository.java:26)
at Request_Repository.Patch_Req_Repository.Patch_Req_TC1(Patch_Req_Repository.java:26)
at Request_Repository.Patch_Req_Repository.Patch_Req_TC1(Patch_Req_Repository.java:26)
at Request_Repository.Patch_Req_Repository.Patch_Req_TC1(Patch_Req_Repository.java:26)
at Request_Repository.Patch_Req_Repository.Patch_Req_TC1(Patch_Req_Repository.java:26)
at Request_Repository.Patch_Req_Repository.Patch_Req_TC1(Patch_Req_Repository.java:26)
at Request_Repository.Patch_Req_Repository.Patch_Req_TC1(Patch_Req_Repository.java:26)
at Request_Repository.Patch_Req_Repository.Patch_Req_TC1(Patch_Req_Repository.java:26)
at Request_Repository.Patch_Req_Repository.Patch_Req_TC1(Patch_Req_Repository.java:26)
at Request_Repository.Patch_Req_Repository.Patch_Req_TC1(Patch_Req_Repository.java:26)
at Request_Repository.Patch_Req_Repository.Patch_Req_TC1(Patch_Req_Repository.java:26)
at Request_Repository.Patch_Req_Repository.Patch_Req_TC1(Patch_Req_Repository.java:26)
at Request_Repository.Patch_Req_Repository.Patch_Req_TC1(Patch_Req_Repository.java:26)
at Request_Repository.Patch_Req_Repository.Patch_Req_TC1(Patch_Req_Repository.java:26)
at Request_Repository.Patch_Req_Repository.Patch_Req_TC1(Patch_Req_Repository.java:26)
at Request_Repository.Patch_Req_Repository.Patch_Req_TC1(Patch_Req_Repository.java:26)
at Request_Repository.Patch_Req_Repository.Patch_Req_TC1(Patch_Req_Repository.java:26)
at Request_Repository.Patch_Req_Repository.Patch_Req_TC1(Patch_Req_Repository.java:26)
at Request_Repository.Patch_Req_Repository.Patch_Req_TC1(Patch_Req_Repository.java:26)
at Request_Repository.Patch_Req_Repository.Patch_Req_TC1(Patch_Req_Repository.java:26)
at Request_Repository.Patch_Req_Repository.Patch_Req_TC1(Patch_Req_Repository.java:26)
at Request_Repository.Patch_Req_Repository.Patch_Req_TC1(Patch_Req_Repository.java:26)
at Request_Repository.Patch_Req_Repository.Patch_Req_TC1(Patch_Req_Repository.java:26)
at Request_Repository.Patch_Req_Repository.Patch_Req_TC1(Patch_Req_Repository.java:26)
at Request_Repository.Patch_Req_Repository.Patch_Req_TC1(Patch_Req_Repository.java:26)
at Request_Repository.Patch_Req_Repository.Patch_Req_TC1(Patch_Req_Repository.java:26)
at Request_Repository.Patch_Req_Repository.Patch_Req_TC1(Patch_Req_Repository.java:26)
at Request_Repository.Patch_Req_Repository.Patch_Req_TC1(Patch_Req_Repository.java:26)
at Request_Repository.Patch_Req_Repository.Patch_Req_TC1(Patch_Req_Repository.java:26)
at Request_Repository.Patch_Req_Repository.Patch_Req_TC1(Patch_Req_Repository.java:26)
at Request_Repository.Patch_Req_Repository.Patch_Req_TC1(Patch_Req_Repository.java:26)
at Request_Repository.Patch_Req_Repository.Patch_Req_TC1(Patch_Req_Repository.java:26)
at Request_Repository.Patch_Req_Repository.Patch_Req_TC1(Patch_Req_Repository.java:26)
at Request_Repository.Patch_Req_Repository.Patch_Req_TC1(Patch_Req_Repository.java:26)
at Request_Repository.Patch_Req_Repository.Patch_Req_TC1(Patch_Req_Repository.java:26)
at Request_Repository.Patch_Req_Repository.Patch_Req_TC1(Patch_Req_Repository.java:26)
at Request_Repository.Patch_Req_Repository.Patch_Req_TC1(Patch_Req_Repository.java:26)
at Request_Repository.Patch_Req_Repository.Patch_Req_TC1(Patch_Req_Repository.java:26)
at Request_Repository.Patch_Req_Repository.Patch_Req_TC1(Patch_Req_Repository.java:26)
at Request_Repository.Patch_Req_Repository.Patch_Req_TC1(Patch_Req_Repository.java:26)
at Request_Repository.Patch_Req_Repository.Patch_Req_TC1(Patch_Req_Repository.java:26)
at Request_Repository.Patch_Req_Repository.Patch_Req_TC1(Patch_Req_Repository.java:26)
at Request_Repository.Patch_Req_Repository.Patch_Req_TC1(Patch_Req_Repository.java:26)
at Request_Repository.Patch_Req_Repository.Patch_Req_TC1(Patch_Req_Repository.java:26)
at Request_Repository.Patch_Req_Repository.Patch_Req_TC1(Patch_Req_Repository.java:26)
at Request_Repository.Patch_Req_Repository.Patch_Req_TC1(Patch_Req_Repository.java:26)
at Request_Repository.Patch_Req_Repository.Patch_Req_TC1(Patch_Req_Repository.java:26)
at Request_Repository.Patch_Req_Repository.Patch_Req_TC1(Patch_Req_Repository.java:26)
at Request_Repository.Patch_Req_Repository.Patch_Req_TC1(Patch_Req_Repository.java:26)
at Request_Repository.Patch_Req_Repository.Patch_Req_TC1(Patch_Req_Repository.java:26)
at Request_Repository.Patch_Req_Repository.Patch_Req_TC1(Patch_Req_Repository.java:26)
at Request_Repository.Patch_Req_Repository.Patch_Req_TC1(Patch_Req_Repository.java:26)
at Request_Repository.Patch_Req_Repository.Patch_Req_TC1(Patch_Req_Repository.java:26)
at Request_Repository.Patch_Req_Repository.Patch_Req_TC1(Patch_Req_Repository.java:26)
at Request_Repository.Patch_Req_Repository.Patch_Req_TC1(Patch_Req_Repository.java:26)
at Request_Repository.Patch_Req_Repository.Patch_Req_TC1(Patch_Req_Repository.java:26)
at Request_Repository.Patch_Req_Repository.Patch_Req_TC1(Patch_Req_Repository.java:26)
at Request_Repository.Patch_Req_Repository.Patch_Req_TC1(Patch_Req_Repository.java:26)
at Request_Repository.Patch_Req_Repository.Patch_Req_TC1(Patch_Req_Repository.java:26)
at Request_Repository.Patch_Req_Repository.Patch_Req_TC1(Patch_Req_Repository.java:26)
at Request_Repository.Patch_Req_Repository.Patch_Req_TC1(Patch_Req_Repository.java:26)
at Request_Repository.Patch_Req_Repository.Patch_Req_TC1(Patch_Req_Repository.java:26)
at Request_Repository.Patch_Req_Repository.Patch_Req_TC1(Patch_Req_Repository.java:26)
at Request_Repository.Patch_Req_Repository.Patch_Req_TC1(Patch_Req_Repository.java:26)
at Request_Repository.Patch_Req_Repository.Patch_Req_TC1(Patch_Req_Repository.java:26)
at Request_Repository.Patch_Req_Repository.Patch_Req_TC1(Patch_Req_Repository.java:26)
at Request_Repository.Patch_Req_Repository.Patch_Req_TC1(Patch_Req_Repository.java:26)
at Request_Repository.Patch_Req_Repository.Patch_Req_TC1(Patch_Req_Repository.java:26)
at Request_Repository.Patch_Req_Repository.Patch_Req_TC1(Patch_Req_Repository.java:26)
at Request_Repository.Patch_Req_Repository.Patch_Req_TC1(Patch_Req_Repository.java:26)
at Request_Repository.Patch_Req_Repository.Patch_Req_TC1(Patch_Req_Repository.java:26)
at Request_Repository.Patch_Req_Repository.Patch_Req_TC1(Patch_Req_Repository.java:26)
at Request_Repository.Patch_Req_Repository.Patch_Req_TC1(Patch_Req_Repository.java:26)
at Request_Repository.Patch_Req_Repository.Patch_Req_TC1(Patch_Req_Repository.java:26)
at Request_Repository.Patch_Req_Repository.Patch_Req_TC1(Patch_Req_Repository.java:26)
at Request_Repository.Patch_Req_Repository.Patch_Req_TC1(Patch_Req_Repository.java:26)
at Request_Repository.Patch_Req_Repository.Patch_Req_TC1(Patch_Req_Repository.java:26)
at Request_Repository.Patch_Req_Repository.Patch_Req_TC1(Patch_Req_Repository.java:26)
at Request_Repository.Patch_Req_Repository.Patch_Req_TC1(Patch_Req_Repository.java:26)
at Request_Repository.Patch_Req_Repository.Patch_Req_TC1(Patch_Req_Repository.java:26)
at Request_Repository.Patch_Req_Repository.Patch_Req_TC1(Patch_Req_Repository.java:26)
at Request_Repository.Patch_Req_Repository.Patch_Req_TC1(Patch_Req_Repository.java:26)
at Request_Repository.Patch_Req_Repository.Patch_Req_TC1(Patch_Req_Repository.java:26)
at Request_Repository.Patch_Req_Repository.Patch_Req_TC1(Patch_Req_Repository.java:26)
at Request_Repository.Patch_Req_Repository.Patch_Req_TC1(Patch_Req_Repository.java:26)
at Request_Repository.Patch_Req_Repository.Patch_Req_TC1(Patch_Req_Repository.java:26)
at Request_Repository.Patch_Req_Repository.Patch_Req_TC1(Patch_Req_Repository.java:26)
at Request_Repository.Patch_Req_Repository.Patch_Req_TC1(Patch_Req_Repository.java:26)
at Request_Repository.Patch_Req_Repository.Patch_Req_TC1(Patch_Req_Repository.java:26)
at Request_Repository.Patch_Req_Repository.Patch_Req_TC1(Patch_Req_Repository.java:26)
at Request_Repository.Patch_Req_Repository.Patch_Req_TC1(Patch_Req_Repository.java:26)
at Request_Repository.Patch_Req_Repository.Patch_Req_TC1(Patch_Req_Repository.java:26)
at Request_Repository.Patch_Req_Repository.Patch_Req_TC1(Patch_Req_Repository.java:26)
at Request_Repository.Patch_Req_Repository.Patch_Req_TC1(Patch_Req_Repository.java:26)
at Request_Repository.Patch_Req_Repository.Patch_Req_TC1(Patch_Req_Repository.java:26)
at Request_Repository.Patch_Req_Repository.Patch_Req_TC1(Patch_Req_Repository.java:26)
at Request_Repository.Patch_Req_Repository.Patch_Req_TC1(Patch_Req_Repository.java:26)
at Request_Repository.Patch_Req_Repository.Patch_Req_TC1(Patch_Req_Repository.java:26)
at Request_Repository.Patch_Req_Repository.Patch_Req_TC1(Patch_Req_Repository.java:26)
at Request_Repository.Patch_Req_Repository.Patch_Req_TC1(Patch_Req_Repository.java:26)
at Request_Repository.Patch_Req_Repository.Patch_Req_TC1(Patch_Req_Repository.java:26)
at Request_Repository.Patch_Req_Repository.Patch_Req_TC1(Patch_Req_Repository.java:26)
at Request_Repository.Patch_Req_Repository.Patch_Req_TC1(Patch_Req_Repository.java:26)
at Request_Repository.Patch_Req_Repository.Patch_Req_TC1(Patch_Req_Repository.java:26)
at Request_Repository.Patch_Req_Repository.Patch_Req_TC1(Patch_Req_Repository.java:26)
at Request_Repository.Patch_Req_Repository.Patch_Req_TC1(Patch_Req_Repository.java:26)
at Request_Repository.Patch_Req_Repository.Patch_Req_TC1(Patch_Req_Repository.java:26)
at Request_Repository.Patch_Req_Repository.Patch_Req_TC1(Patch_Req_Repository.java:26)
at Request_Repository.Patch_Req_Repository.Patch_Req_TC1(Patch_Req_Repository.java:26)
at Request_Repository.Patch_Req_Repository.Patch_Req_TC1(Patch_Req_Repository.java:26)
at Request_Repository.Patch_Req_Repository.Patch_Req_TC1(Patch_Req_Repository.java:26)
at Request_Repository.Patch_Req_Repository.Patch_Req_TC1(Patch_Req_Repository.java:26)
at Request_Repository.Patch_Req_Repository.Patch_Req_TC1(Patch_Req_Repository.java:26)
at Request_Repository.Patch_Req_Repository.Patch_Req_TC1(Patch_Req_Repository.java:26)
at Request_Repository.Patch_Req_Repository.Patch_Req_TC1(Patch_Req_Repository.java:26)
at Request_Repository.Patch_Req_Repository.Patch_Req_TC1(Patch_Req_Repository.java:26)
at Request_Repository.Patch_Req_Repository.Patch_Req_TC1(Patch_Req_Repository.java:26)
at Request_Repository.Patch_Req_Repository.Patch_Req_TC1(Patch_Req_Repository.java:26)
at Request_Repository.Patch_Req_Repository.Patch_Req_TC1(Patch_Req_Repository.java:26)
at Request_Repository.Patch_Req_Repository.Patch_Req_TC1(Patch_Req_Repository.java:26)
at Request_Repository.Patch_Req_Repository.Patch_Req_TC1(Patch_Req_Repository.java:26)
at Request_Repository.Patch_Req_Repository.Patch_Req_TC1(Patch_Req_Repository.java:26)
at Request_Repository.Patch_Req_Repository.Patch_Req_TC1(Patch_Req_Repository.java:26)
at Request_Repository.Patch_Req_Repository.Patch_Req_TC1(Patch_Req_Repository.java:26)
at Request_Repository.Patch_Req_Repository.Patch_Req_TC1(Patch_Req_Repository.java:26)
at Request_Repository.Patch_Req_Repository.Patch_Req_TC1(Patch_Req_Repository.java:26)
at Request_Repository.Patch_Req_Repository.Patch_Req_TC1(Patch_Req_Repository.java:26)
at Request_Repository.Patch_Req_Repository.Patch_Req_TC1(Patch_Req_Repository.java:26)
at Request_Repository.Patch_Req_Repository.Patch_Req_TC1(Patch_Req_Repository.java:26)
at Request_Repository.Patch_Req_Repository.Patch_Req_TC1(Patch_Req_Repository.java:26)
at Request_Repository.Patch_Req_Repository.Patch_Req_TC1(Patch_Req_Repository.java:26)
at Request_Repository.Patch_Req_Repository.Patch_Req_TC1(Patch_Req_Repository.java:26)
at Request_Repository.Patch_Req_Repository.Patch_Req_TC1(Patch_Req_Repository.java:26)
at Request_Repository.Patch_Req_Repository.Patch_Req_TC1(Patch_Req_Repository.java:26)
at Request_Repository.Patch_Req_Repository.Patch_Req_TC1(Patch_Req_Repository.java:26)
at Request_Repository.Patch_Req_Repository.Patch_Req_TC1(Patch_Req_Repository.java:26)
at Request_Repository.Patch_Req_Repository.Patch_Req_TC1(Patch_Req_Repository.java:26)
at Request_Repository.Patch_Req_Repository.Patch_Req_TC1(Patch_Req_Repository.java:26)
at Request_Repository.Patch_Req_Repository.Patch_Req_TC1(Patch_Req_Repository.java:26)
at Request_Repository.Patch_Req_Repository.Patch_Req_TC1(Patch_Req_Repository.java:26)
at Request_Repository.Patch_Req_Repository.Patch_Req_TC1(Patch_Req_Repository.java:26)
at Request_Repository.Patch_Req_Repository.Patch_Req_TC1(Patch_Req_Repository.java:26)
at Request_Repository.Patch_Req_Repository.Patch_Req_TC1(Patch_Req_Repository.java:26)
at Request_Repository.Patch_Req_Repository.Patch_Req_TC1(Patch_Req_Repository.java:26)
at Request_Repository.Patch_Req_Repository.Patch_Req_TC1(Patch_Req_Repository.java:26)
at Request_Repository.Patch_Req_Repository.Patch_Req_TC1(Patch_Req_Repository.java:26)
at Request_Repository.Patch_Req_Repository.Patch_Req_TC1(Patch_Req_Repository.java:26)
at Request_Repository.Patch_Req_Repository.Patch_Req_TC1(Patch_Req_Repository.java:26)
at Request_Repository.Patch_Req_Repository.Patch_Req_TC1(Patch_Req_Repository.java:26)
at Request_Repository.Patch_Req_Repository.Patch_Req_TC1(Patch_Req_Repository.java:26)
at Request_Repository.Patch_Req_Repository.Patch_Req_TC1(Patch_Req_Repository.java:26)
at Request_Repository.Patch_Req_Repository.Patch_Req_TC1(Patch_Req_Repository.java:26)
at Request_Repository.Patch_Req_Repository.Patch_Req_TC1(Patch_Req_Repository.java:26)
at Request_Repository.Patch_Req_Repository.Patch_Req_TC1(Patch_Req_Repository.java:26)
at Request_Repository.Patch_Req_Repository.Patch_Req_TC1(Patch_Req_Repository.java:26)
at Request_Repository.Patch_Req_Repository.Patch_Req_TC1(Patch_Req_Repository.java:26)
at Request_Repository.Patch_Req_Repository.Patch_Req_TC1(Patch_Req_Repository.java:26)
at Request_Repository.Patch_Req_Repository.Patch_Req_TC1(Patch_Req_Repository.java:26)
at Request_Repository.Patch_Req_Repository.Patch_Req_TC1(Patch_Req_Repository.java:26)
at Request_Repository.Patch_Req_Repository.Patch_Req_TC1(Patch_Req_Repository.java:26)
at Request_Repository.Patch_Req_Repository.Patch_Req_TC1(Patch_Req_Repository.java:26)
at Request_Repository.Patch_Req_Repository.Patch_Req_TC1(Patch_Req_Repository.java:26)
at Request_Repository.Patch_Req_Repository.Patch_Req_TC1(Patch_Req_Repository.java:26)
at Request_Repository.Patch_Req_Repository.Patch_Req_TC1(Patch_Req_Repository.java:26)
at Request_Repository.Patch_Req_Repository.Patch_Req_TC1(Patch_Req_Repository.java:26)
at Request_Repository.Patch_Req_Repository.Patch_Req_TC1(Patch_Req_Repository.java:26)
at Request_Repository.Patch_Req_Repository.Patch_Req_TC1(Patch_Req_Repository.java:26)
at Request_Repository.Patch_Req_Repository.Patch_Req_TC1(Patch_Req_Repository.java:26)
at Request_Repository.Patch_Req_Repository.Patch_Req_TC1(Patch_Req_Repository.java:26)
at Request_Repository.Patch_Req_Repository.Patch_Req_TC1(Patch_Req_Repository.java:26)
at Request_Repository.Patch_Req_Repository.Patch_Req_TC1(Patch_Req_Repository.java:26)
at Request_Repository.Patch_Req_Repository.Patch_Req_TC1(Patch_Req_Repository.java:26)
at Request_Repository.Patch_Req_Repository.Patch_Req_TC1(Patch_Req_Repository.java:26)
at Request_Repository.Patch_Req_Repository.Patch_Req_TC1(Patch_Req_Repository.java:26)
at Request_Repository.Patch_Req_Repository.Patch_Req_TC1(Patch_Req_Repository.java:26)
at Request_Repository.Patch_Req_Repository.Patch_Req_TC1(Patch_Req_Repository.java:26)
at Request_Repository.Patch_Req_Repository.Patch_Req_TC1(Patch_Req_Repository.java:26)
at Request_Repository.Patch_Req_Repository.Patch_Req_TC1(Patch_Req_Repository.java:26)
at Request_Repository.Patch_Req_Repository.Patch_Req_TC1(Patch_Req_Repository.java:26)
at Request_Repository.Patch_Req_Repository.Patch_Req_TC1(Patch_Req_Repository.java:26)
at Request_Repository.Patch_Req_Repository.Patch_Req_TC1(Patch_Req_Repository.java:26)
at Request_Repository.Patch_Req_Repository.Patch_Req_TC1(Patch_Req_Repository.java:26)
at Request_Repository.Patch_Req_Repository.Patch_Req_TC1(Patch_Req_Repository.java:26)
at Request_Repository.Patch_Req_Repository.Patch_Req_TC1(Patch_Req_Repository.java:26)
at Request_Repository.Patch_Req_Repository.Patch_Req_TC1(Patch_Req_Repository.java:26)
at Request_Repository.Patch_Req_Repository.Patch_Req_TC1(Patch_Req_Repository.java:26)
at Request_Repository.Patch_Req_Repository.Patch_Req_TC1(Patch_Req_Repository.java:26)
at Request_Repository.Patch_Req_Repository.Patch_Req_TC1(Patch_Req_Repository.java:26)
at Request_Repository.Patch_Req_Repository.Patch_Req_TC1(Patch_Req_Repository.java:26)
at Request_Repository.Patch_Req_Repository.Patch_Req_TC1(Patch_Req_Repository.java:26)
at Request_Repository.Patch_Req_Repository.Patch_Req_TC1(Patch_Req_Repository.java:26)
at Request_Repository.Patch_Req_Repository.Patch_Req_TC1(Patch_Req_Repository.java:26)
at Request_Repository.Patch_Req_Repository.Patch_Req_TC1(Patch_Req_Repository.java:26)
at Request_Repository.Patch_Req_Repository.Patch_Req_TC1(Patch_Req_Repository.java:26)
at Request_Repository.Patch_Req_Repository.Patch_Req_TC1(Patch_Req_Repository.java:26)
at Request_Repository.Patch_Req_Repository.Patch_Req_TC1(Patch_Req_Repository.java:26)
at Request_Repository.Patch_Req_Repository.Patch_Req_TC1(Patch_Req_Repository.java:26)
at Request_Repository.Patch_Req_Repository.Patch_Req_TC1(Patch_Req_Repository.java:26)
at Request_Repository.Patch_Req_Repository.Patch_Req_TC1(Patch_Req_Repository.java:26)
at Request_Repository.Patch_Req_Repository.Patch_Req_TC1(Patch_Req_Repository.java:26)
at Request_Repository.Patch_Req_Repository.Patch_Req_TC1(Patch_Req_Repository.java:26)
at Request_Repository.Patch_Req_Repository.Patch_Req_TC1(Patch_Req_Repository.java:26)
at Request_Repository.Patch_Req_Repository.Patch_Req_TC1(Patch_Req_Repository.java:26)
at Request_Repository.Patch_Req_Repository.Patch_Req_TC1(Patch_Req_Repository.java:26)
at Request_Repository.Patch_Req_Repository.Patch_Req_TC1(Patch_Req_Repository.java:26)
at Request_Repository.Patch_Req_Repository.Patch_Req_TC1(Patch_Req_Repository.java:26)
at Request_Repository.Patch_Req_Repository.Patch_Req_TC1(Patch_Req_Repository.java:26)
at Request_Repository.Patch_Req_Repository.Patch_Req_TC1(Patch_Req_Repository.java:26)
at Request_Repository.Patch_Req_Repository.Patch_Req_TC1(Patch_Req_Repository.java:26)
at Request_Repository.Patch_Req_Repository.Patch_Req_TC1(Patch_Req_Repository.java:26)
at Request_Repository.Patch_Req_Repository.Patch_Req_TC1(Patch_Req_Repository.java:26)
at Request_Repository.Patch_Req_Repository.Patch_Req_TC1(Patch_Req_Repository.java:26)
at Request_Repository.Patch_Req_Repository.Patch_Req_TC1(Patch_Req_Repository.java:26)
at Request_Repository.Patch_Req_Repository.Patch_Req_TC1(Patch_Req_Repository.java:26)
at Request_Repository.Patch_Req_Repository.Patch_Req_TC1(Patch_Req_Repository.java:26)
at Request_Repository.Patch_Req_Repository.Patch_Req_TC1(Patch_Req_Repository.java:26)
at Request_Repository.Patch_Req_Repository.Patch_Req_TC1(Patch_Req_Repository.java:26)
at Request_Repository.Patch_Req_Repository.Patch_Req_TC1(Patch_Req_Repository.java:26)
at Request_Repository.Patch_Req_Repository.Patch_Req_TC1(Patch_Req_Repository.java:26)
at Request_Repository.Patch_Req_Repository.Patch_Req_TC1(Patch_Req_Repository.java:26)
at Request_Repository.Patch_Req_Repository.Patch_Req_TC1(Patch_Req_Repository.java:26)
at Request_Repository.Patch_Req_Repository.Patch_Req_TC1(Patch_Req_Repository.java:26)
at Request_Repository.Patch_Req_Repository.Patch_Req_TC1(Patch_Req_Repository.java:26)
at Request_Repository.Patch_Req_Repository.Patch_Req_TC1(Patch_Req_Repository.java:26)
at Request_Repository.Patch_Req_Repository.Patch_Req_TC1(Patch_Req_Repository.java:26)
at Request_Repository.Patch_Req_Repository.Patch_Req_TC1(Patch_Req_Repository.java:26)
at Request_Repository.Patch_Req_Repository.Patch_Req_TC1(Patch_Req_Repository.java:26)
at Request_Repository.Patch_Req_Repository.Patch_Req_TC1(Patch_Req_Repository.java:26)
at Request_Repository.Patch_Req_Repository.Patch_Req_TC1(Patch_Req_Repository.java:26)
at Request_Repository.Patch_Req_Repository.Patch_Req_TC1(Patch_Req_Repository.java:26)
at Request_Repository.Patch_Req_Repository.Patch_Req_TC1(Patch_Req_Repository.java:26)
at Request_Repository.Patch_Req_Repository.Patch_Req_TC1(Patch_Req_Repository.java:26)
at Request_Repository.Patch_Req_Repository.Patch_Req_TC1(Patch_Req_Repository.java:26)
at Request_Repository.Patch_Req_Repository.Patch_Req_TC1(Patch_Req_Repository.java:26)
at Request_Repository.Patch_Req_Repository.Patch_Req_TC1(Patch_Req_Repository.java:26)
at Request_Repository.Patch_Req_Repository.Patch_Req_TC1(Patch_Req_Repository.java:26)
at Request_Repository.Patch_Req_Repository.Patch_Req_TC1(Patch_Req_Repository.java:26)
at Request_Repository.Patch_Req_Repository.Patch_Req_TC1(Patch_Req_Repository.java:26)
at Request_Repository.Patch_Req_Repository.Patch_Req_TC1(Patch_Req_Repository.java:26)
at Request_Repository.Patch_Req_Repository.Patch_Req_TC1(Patch_Req_Repository.java:26)
at Request_Repository.Patch_Req_Repository.Patch_Req_TC1(Patch_Req_Repository.java:26)
at Request_Repository.Patch_Req_Repository.Patch_Req_TC1(Patch_Req_Repository.java:26)
at Request_Repository.Patch_Req_Repository.Patch_Req_TC1(Patch_Req_Repository.java:26)
at Request_Repository.Patch_Req_Repository.Patch_Req_TC1(Patch_Req_Repository.java:26)
at Request_Repository.Patch_Req_Repository.Patch_Req_TC1(Patch_Req_Repository.java:26)
at Request_Repository.Patch_Req_Repository.Patch_Req_TC1(Patch_Req_Repository.java:26)
at Request_Repository.Patch_Req_Repository.Patch_Req_TC1(Patch_Req_Repository.java:26)
at Request_Repository.Patch_Req_Repository.Patch_Req_TC1(Patch_Req_Repository.java:26)
at Request_Repository.Patch_Req_Repository.Patch_Req_TC1(Patch_Req_Repository.java:26)
at Request_Repository.Patch_Req_Repository.Patch_Req_TC1(Patch_Req_Repository.java:26)
at Request_Repository.Patch_Req_Repository.Patch_Req_TC1(Patch_Req_Repository.java:26)
at Request_Repository.Patch_Req_Repository.Patch_Req_TC1(Patch_Req_Repository.java:26)
at Request_Repository.Patch_Req_Repository.Patch_Req_TC1(Patch_Req_Repository.java:26)
at Request_Repository.Patch_Req_Repository.Patch_Req_TC1(Patch_Req_Repository.java:26)
at Request_Repository.Patch_Req_Repository.Patch_Req_TC1(Patch_Req_Repository.java:26)
at Request_Repository.Patch_Req_Repository.Patch_Req_TC1(Patch_Req_Repository.java:26)
at Request_Repository.Patch_Req_Repository.Patch_Req_TC1(Patch_Req_Repository.java:26)
at Request_Repository.Patch_Req_Repository.Patch_Req_TC1(Patch_Req_Repository.java:26)
at Request_Repository.Patch_Req_Repository.Patch_Req_TC1(Patch_Req_Repository.java:26)
at Request_Repository.Patch_Req_Repository.Patch_Req_TC1(Patch_Req_Repository.java:26)
at Request_Repository.Patch_Req_Repository.Patch_Req_TC1(Patch_Req_Repository.java:26)
at Request_Repository.Patch_Req_Repository.Patch_Req_TC1(Patch_Req_Repository.java:26)
at Request_Repository.Patch_Req_Repository.Patch_Req_TC1(Patch_Req_Repository.java:26)
at Request_Repository.Patch_Req_Repository.Patch_Req_TC1(Patch_Req_Repository.java:26)
at Request_Repository.Patch_Req_Repository.Patch_Req_TC1(Patch_Req_Repository.java:26)
at Request_Repository.Patch_Req_Repository.Patch_Req_TC1(Patch_Req_Repository.java:26)
at Request_Repository.Patch_Req_Repository.Patch_Req_TC1(Patch_Req_Repository.java:26)
at Request_Repository.Patch_Req_Repository.Patch_Req_TC1(Patch_Req_Repository.java:26)
at Request_Repository.Patch_Req_Repository.Patch_Req_TC1(Patch_Req_Repository.java:26)
at Request_Repository.Patch_Req_Repository.Patch_Req_TC1(Patch_Req_Repository.java:26)
at Request_Repository.Patch_Req_Repository.Patch_Req_TC1(Patch_Req_Repository.java:26)
at Request_Repository.Patch_Req_Repository.Patch_Req_TC1(Patch_Req_Repository.java:26)
at Request_Repository.Patch_Req_Repository.Patch_Req_TC1(Patch_Req_Repository.java:26)
at Request_Repository.Patch_Req_Repository.Patch_Req_TC1(Patch_Req_Repository.java:26)
at Request_Repository.Patch_Req_Repository.Patch_Req_TC1(Patch_Req_Repository.java:26)
at Request_Repository.Patch_Req_Repository.Patch_Req_TC1(Patch_Req_Repository.java:26)
at Request_Repository.Patch_Req_Repository.Patch_Req_TC1(Patch_Req_Repository.java:26)
at Request_Repository.Patch_Req_Repository.Patch_Req_TC1(Patch_Req_Repository.java:26)
at Request_Repository.Patch_Req_Repository.Patch_Req_TC1(Patch_Req_Repository.java:26)
at Request_Repository.Patch_Req_Repository.Patch_Req_TC1(Patch_Req_Repository.java:26)
at Request_Repository.Patch_Req_Repository.Patch_Req_TC1(Patch_Req_Repository.java:26)
at Request_Repository.Patch_Req_Repository.Patch_Req_TC1(Patch_Req_Repository.java:26)
at Request_Repository.Patch_Req_Repository.Patch_Req_TC1(Patch_Req_Repository.java:26)
at Request_Repository.Patch_Req_Repository.Patch_Req_TC1(Patch_Req_Repository.java:26)
at Request_Repository.Patch_Req_Repository.Patch_Req_TC1(Patch_Req_Repository.java:26)
at Request_Repository.Patch_Req_Repository.Patch_Req_TC1(Patch_Req_Repository.java:26)
at Request_Repository.Patch_Req_Repository.Patch_Req_TC1(Patch_Req_Repository.java:26)
at Request_Repository.Patch_Req_Repository.Patch_Req_TC1(Patch_Req_Repository.java:26)
at Request_Repository.Patch_Req_Repository.Patch_Req_TC1(Patch_Req_Repository.java:26)
at Request_Repository.Patch_Req_Repository.Patch_Req_TC1(Patch_Req_Repository.java:26)
at Request_Repository.Patch_Req_Repository.Patch_Req_TC1(Patch_Req_Repository.java:26)
at Request_Repository.Patch_Req_Repository.Patch_Req_TC1(Patch_Req_Repository.java:26)
at Request_Repository.Patch_Req_Repository.Patch_Req_TC1(Patch_Req_Repository.java:26)
at Request_Repository.Patch_Req_Repository.Patch_Req_TC1(Patch_Req_Repository.java:26)
at Request_Repository.Patch_Req_Repository.Patch_Req_TC1(Patch_Req_Repository.java:26)
at Request_Repository.Patch_Req_Repository.Patch_Req_TC1(Patch_Req_Repository.java:26)
at Request_Repository.Patch_Req_Repository.Patch_Req_TC1(Patch_Req_Repository.java:26)
at Request_Repository.Patch_Req_Repository.Patch_Req_TC1(Patch_Req_Repository.java:26)
at Request_Repository.Patch_Req_Repository.Patch_Req_TC1(Patch_Req_Repository.java:26)
at Request_Repository.Patch_Req_Repository.Patch_Req_TC1(Patch_Req_Repository.java:26)
at Request_Repository.Patch_Req_Repository.Patch_Req_TC1(Patch_Req_Repository.java:26)
at Request_Repository.Patch_Req_Repository.Patch_Req_TC1(Patch_Req_Repository.java:26)
at Request_Repository.Patch_Req_Repository.Patch_Req_TC1(Patch_Req_Repository.java:26)
at Request_Repository.Patch_Req_Repository.Patch_Req_TC1(Patch_Req_Repository.java:26)
at Request_Repository.Patch_Req_Repository.Patch_Req_TC1(Patch_Req_Repository.java:26)
at Request_Repository.Patch_Req_Repository.Patch_Req_TC1(Patch_Req_Repository.java:26)
at Request_Repository.Patch_Req_Repository.Patch_Req_TC1(Patch_Req_Repository.java:26)
at Request_Repository.Patch_Req_Repository.Patch_Req_TC1(Patch_Req_Repository.java:26)
at Request_Repository.Patch_Req_Repository.Patch_Req_TC1(Patch_Req_Repository.java:26)
at Request_Repository.Patch_Req_Repository.Patch_Req_TC1(Patch_Req_Repository.java:26)
at Request_Repository.Patch_Req_Repository.Patch_Req_TC1(Patch_Req_Repository.java:26)
at Request_Repository.Patch_Req_Repository.Patch_Req_TC1(Patch_Req_Repository.java:26)
at Request_Repository.Patch_Req_Repository.Patch_Req_TC1(Patch_Req_Repository.java:26)
at Request_Repository.Patch_Req_Repository.Patch_Req_TC1(Patch_Req_Repository.java:26)
at Request_Repository.Patch_Req_Repository.Patch_Req_TC1(Patch_Req_Repository.java:26)
at Request_Repository.Patch_Req_Repository.Patch_Req_TC1(Patch_Req_Repository.java:26)
at Request_Repository.Patch_Req_Repository.Patch_Req_TC1(Patch_Req_Repository.java:26)
at Request_Repository.Patch_Req_Repository.Patch_Req_TC1(Patch_Req_Repository.java:26)
at Request_Repository.Patch_Req_Repository.Patch_Req_TC1(Patch_Req_Repository.java:26)
at Request_Repository.Patch_Req_Repository.Patch_Req_TC1(Patch_Req_Repository.java:26)
at Request_Repository.Patch_Req_Repository.Patch_Req_TC1(Patch_Req_Repository.java:26)
at Request_Repository.Patch_Req_Repository.Patch_Req_TC1(Patch_Req_Repository.java:26)
at Request_Repository.Patch_Req_Repository.Patch_Req_TC1(Patch_Req_Repository.java:26)
at Request_Repository.Patch_Req_Repository.Patch_Req_TC1(Patch_Req_Repository.java:26)
at Request_Repository.Patch_Req_Repository.Patch_Req_TC1(Patch_Req_Repository.java:26)
at Request_Repository.Patch_Req_Repository.Patch_Req_TC1(Patch_Req_Repository.java:26)
at Request_Repository.Patch_Req_Repository.Patch_Req_TC1(Patch_Req_Repository.java:26)
at Request_Repository.Patch_Req_Repository.Patch_Req_TC1(Patch_Req_Repository.java:26)
at Request_Repository.Patch_Req_Repository.Patch_Req_TC1(Patch_Req_Repository.java:26)
at Request_Repository.Patch_Req_Repository.Patch_Req_TC1(Patch_Req_Repository.java:26)
at Request_Repository.Patch_Req_Repository.Patch_Req_TC1(Patch_Req_Repository.java:26)
at Request_Repository.Patch_Req_Repository.Patch_Req_TC1(Patch_Req_Repository.java:26)
at Request_Repository.Patch_Req_Repository.Patch_Req_TC1(Patch_Req_Repository.java:26)
at Request_Repository.Patch_Req_Repository.Patch_Req_TC1(Patch_Req_Repository.java:26)
at Request_Repository.Patch_Req_Repository.Patch_Req_TC1(Patch_Req_Repository.java:26)
at Request_Repository.Patch_Req_Repository.Patch_Req_TC1(Patch_Req_Repository.java:26)
at Request_Repository.Patch_Req_Repository.Patch_Req_TC1(Patch_Req_Repository.java:26)
at Request_Repository.Patch_Req_Repository.Patch_Req_TC1(Patch_Req_Repository.java:26)
at Request_Repository.Patch_Req_Repository.Patch_Req_TC1(Patch_Req_Repository.java:26)
at Request_Repository.Patch_Req_Repository.Patch_Req_TC1(Patch_Req_Repository.java:26)
at Request_Repository.Patch_Req_Repository.Patch_Req_TC1(Patch_Req_Repository.java:26)
at Request_Repository.Patch_Req_Repository.Patch_Req_TC1(Patch_Req_Repository.java:26)
at Request_Repository.Patch_Req_Repository.Patch_Req_TC1(Patch_Req_Repository.java:26)
at Request_Repository.Patch_Req_Repository.Patch_Req_TC1(Patch_Req_Repository.java:26)
at Request_Repository.Patch_Req_Repository.Patch_Req_TC1(Patch_Req_Repository.java:26)
at Request_Repository.Patch_Req_Repository.Patch_Req_TC1(Patch_Req_Repository.java:26)
at Request_Repository.Patch_Req_Repository.Patch_Req_TC1(Patch_Req_Repository.java:26)
at Request_Repository.Patch_Req_Repository.Patch_Req_TC1(Patch_Req_Repository.java:26)
at Request_Repository.Patch_Req_Repository.Patch_Req_TC1(Patch_Req_Repository.java:26)
at Request_Repository.Patch_Req_Repository.Patch_Req_TC1(Patch_Req_Repository.java:26)
at Request_Repository.Patch_Req_Repository.Patch_Req_TC1(Patch_Req_Repository.java:26)
at Request_Repository.Patch_Req_Repository.Patch_Req_TC1(Patch_Req_Repository.java:26)
at Request_Repository.Patch_Req_Repository.Patch_Req_TC1(Patch_Req_Repository.java:26)
at Request_Repository.Patch_Req_Repository.Patch_Req_TC1(Patch_Req_Repository.java:26)
at Request_Repository.Patch_Req_Repository.Patch_Req_TC1(Patch_Req_Repository.java:26)
at Request_Repository.Patch_Req_Repository.Patch_Req_TC1(Patch_Req_Repository.java:26)
at Request_Repository.Patch_Req_Repository.Patch_Req_TC1(Patch_Req_Repository.java:26)
at Request_Repository.Patch_Req_Repository.Patch_Req_TC1(Patch_Req_Repository.java:26)
at Request_Repository.Patch_Req_Repository.Patch_Req_TC1(Patch_Req_Repository.java:26)
at Request_Repository.Patch_Req_Repository.Patch_Req_TC1(Patch_Req_Repository.java:26)
at Request_Repository.Patch_Req_Repository.Patch_Req_TC1(Patch_Req_Repository.java:26)
at Request_Repository.Patch_Req_Repository.Patch_Req_TC1(Patch_Req_Repository.java:26)
at Request_Repository.Patch_Req_Repository.Patch_Req_TC1(Patch_Req_Repository.java:26)
at Request_Repository.Patch_Req_Repository.Patch_Req_TC1(Patch_Req_Repository.java:26)
at Request_Repository.Patch_Req_Repository.Patch_Req_TC1(Patch_Req_Repository.java:26)
at Request_Repository.Patch_Req_Repository.Patch_Req_TC1(Patch_Req_Repository.java:26)
at Request_Repository.Patch_Req_Repository.Patch_Req_TC1(Patch_Req_Repository.java:26)
at Request_Repository.Patch_Req_Repository.Patch_Req_TC1(Patch_Req_Repository.java:26)
at Request_Repository.Patch_Req_Repository.Patch_Req_TC1(Patch_Req_Repository.java:26)
at Request_Repository.Patch_Req_Repository.Patch_Req_TC1(Patch_Req_Repository.java:26)
at Request_Repository.Patch_Req_Repository.Patch_Req_TC1(Patch_Req_Repository.java:26)
at Request_Repository.Patch_Req_Repository.Patch_Req_TC1(Patch_Req_Repository.java:26)
at Request_Repository.Patch_Req_Repository.Patch_Req_TC1(Patch_Req_Repository.java:26)
at Request_Repository.Patch_Req_Repository.Patch_Req_TC1(Patch_Req_Repository.java:26)
at Request_Repository.Patch_Req_Repository.Patch_Req_TC1(Patch_Req_Repository.java:26)
at Request_Repository.Patch_Req_Repository.Patch_Req_TC1(Patch_Req_Repository.java:26)
at Request_Repository.Patch_Req_Repository.Patch_Req_TC1(Patch_Req_Repository.java:26)
at Request_Repository.Patch_Req_Repository.Patch_Req_TC1(Patch_Req_Repository.java:26)
at Request_Repository.Patch_Req_Repository.Patch_Req_TC1(Patch_Req_Repository.java:26)
at Request_Repository.Patch_Req_Repository.Patch_Req_TC1(Patch_Req_Repository.java:26)
at Request_Repository.Patch_Req_Repository.Patch_Req_TC1(Patch_Req_Repository.java:26)
at Request_Repository.Patch_Req_Repository.Patch_Req_TC1(Patch_Req_Repository.java:26)
at Request_Repository.Patch_Req_Repository.Patch_Req_TC1(Patch_Req_Repository.java:26)
at Request_Repository.Patch_Req_Repository.Patch_Req_TC1(Patch_Req_Repository.java:26)
at Request_Repository.Patch_Req_Repository.Patch_Req_TC1(Patch_Req_Repository.java:26)
at Request_Repository.Patch_Req_Repository.Patch_Req_TC1(Patch_Req_Repository.java:26)
at Request_Repository.Patch_Req_Repository.Patch_Req_TC1(Patch_Req_Repository.java:26)
at Request_Repository.Patch_Req_Repository.Patch_Req_TC1(Patch_Req_Repository.java:26)
at Request_Repository.Patch_Req_Repository.Patch_Req_TC1(Patch_Req_Repository.java:26)
at Request_Repository.Patch_Req_Repository.Patch_Req_TC1(Patch_Req_Repository.java:26)
at Request_Repository.Patch_Req_Repository.Patch_Req_TC1(Patch_Req_Repository.java:26)
at Request_Repository.Patch_Req_Repository.Patch_Req_TC1(Patch_Req_Repository.java:26)
at Request_Repository.Patch_Req_Repository.Patch_Req_TC1(Patch_Req_Repository.java:26)
at Request_Repository.Patch_Req_Repository.Patch_Req_TC1(Patch_Req_Repository.java:26)
at Request_Repository.Patch_Req_Repository.Patch_Req_TC1(Patch_Req_Repository.java:26)
at Request_Repository.Patch_Req_Repository.Patch_Req_TC1(Patch_Req_Repository.java:26)
at Request_Repository.Patch_Req_Repository.Patch_Req_TC1(Patch_Req_Repository.java:26)
at Request_Repository.Patch_Req_Repository.Patch_Req_TC1(Patch_Req_Repository.java:26)
at Request_Repository.Patch_Req_Repository.Patch_Req_TC1(Patch_Req_Repository.java:26)
at Request_Repository.Patch_Req_Repository.Patch_Req_TC1(Patch_Req_Repository.java:26)
at Request_Repository.Patch_Req_Repository.Patch_Req_TC1(Patch_Req_Repository.java:26)
at Request_Repository.Patch_Req_Repository.Patch_Req_TC1(Patch_Req_Repository.java:26)
at Request_Repository.Patch_Req_Repository.Patch_Req_TC1(Patch_Req_Repository.java:26)
at Request_Repository.Patch_Req_Repository.Patch_Req_TC1(Patch_Req_Repository.java:26)
at Request_Repository.Patch_Req_Repository.Patch_Req_TC1(Patch_Req_Repository.java:26)
at Request_Repository.Patch_Req_Repository.Patch_Req_TC1(Patch_Req_Repository.java:26)
at Request_Repository.Patch_Req_Repository.Patch_Req_TC1(Patch_Req_Repository.java:26)
at Request_Repository.Patch_Req_Repository.Patch_Req_TC1(Patch_Req_Repository.java:26)
at Request_Repository.Patch_Req_Repository.Patch_Req_TC1(Patch_Req_Repository.java:26)
at Request_Repository.Patch_Req_Repository.Patch_Req_TC1(Patch_Req_Repository.java:26)
at Request_Repository.Patch_Req_Repository.Patch_Req_TC1(Patch_Req_Repository.java:26)
at Request_Repository.Patch_Req_Repository.Patch_Req_TC1(Patch_Req_Repository.java:26)
at Request_Repository.Patch_Req_Repository.Patch_Req_TC1(Patch_Req_Repository.java:26)
at Request_Repository.Patch_Req_Repository.Patch_Req_TC1(Patch_Req_Repository.java:26)
at Request_Repository.Patch_Req_Repository.Patch_Req_TC1(Patch_Req_Repository.java:26)
at Request_Repository.Patch_Req_Repository.Patch_Req_TC1(Patch_Req_Repository.java:26)
at Request_Repository.Patch_Req_Repository.Patch_Req_TC1(Patch_Req_Repository.java:26)
at Request_Repository.Patch_Req_Repository.Patch_Req_TC1(Patch_Req_Repository.java:26)
at Request_Repository.Patch_Req_Repository.Patch_Req_TC1(Patch_Req_Repository.java:26)
at Request_Repository.Patch_Req_Repository.Patch_Req_TC1(Patch_Req_Repository.java:26)
at Request_Repository.Patch_Req_Repository.Patch_Req_TC1(Patch_Req_Repository.java:26)
at Request_Repository.Patch_Req_Repository.Patch_Req_TC1(Patch_Req_Repository.java:26)
at Request_Repository.Patch_Req_Repository.Patch_Req_TC1(Patch_Req_Repository.java:26)
at Request_Repository.Patch_Req_Repository.Patch_Req_TC1(Patch_Req_Repository.java:26)
at Request_Repository.Patch_Req_Repository.Patch_Req_TC1(Patch_Req_Repository.java:26)
at Request_Repository.Patch_Req_Repository.Patch_Req_TC1(Patch_Req_Repository.java:26)
at Request_Repository.Patch_Req_Repository.Patch_Req_TC1(Patch_Req_Repository.java:26)
at Request_Repository.Patch_Req_Repository.Patch_Req_TC1(Patch_Req_Repository.java:26)
at Request_Repository.Patch_Req_Repository.Patch_Req_TC1(Patch_Req_Repository.java:26)
at Request_Repository.Patch_Req_Repository.Patch_Req_TC1(Patch_Req_Repository.java:26)
at Request_Repository.Patch_Req_Repository.Patch_Req_TC1(Patch_Req_Repository.java:26)
at Request_Repository.Patch_Req_Repository.Patch_Req_TC1(Patch_Req_Repository.java:26)
at Request_Repository.Patch_Req_Repository.Patch_Req_TC1(Patch_Req_Repository.java:26)
at Request_Repository.Patch_Req_Repository.Patch_Req_TC1(Patch_Req_Repository.java:26)
at Request_Repository.Patch_Req_Repository.Patch_Req_TC1(Patch_Req_Repository.java:26)
at Request_Repository.Patch_Req_Repository.Patch_Req_TC1(Patch_Req_Repository.java:26)
at Request_Repository.Patch_Req_Repository.Patch_Req_TC1(Patch_Req_Repository.java:26)
at Request_Repository.Patch_Req_Repository.Patch_Req_TC1(Patch_Req_Repository.java:26)
at Request_Repository.Patch_Req_Repository.Patch_Req_TC1(Patch_Req_Repository.java:26)
at Request_Repository.Patch_Req_Repository.Patch_Req_TC1(Patch_Req_Repository.java:26)
at Request_Repository.Patch_Req_Repository.Patch_Req_TC1(Patch_Req_Repository.java:26)
at Request_Repository.Patch_Req_Repository.Patch_Req_TC1(Patch_Req_Repository.java:26)
at Request_Repository.Patch_Req_Repository.Patch_Req_TC1(Patch_Req_Repository.java:26)
at Request_Repository.Patch_Req_Repository.Patch_Req_TC1(Patch_Req_Repository.java:26)
at Request_Repository.Patch_Req_Repository.Patch_Req_TC1(Patch_Req_Repository.java:26)
at Request_Repository.Patch_Req_Repository.Patch_Req_TC1(Patch_Req_Repository.java:26)
at Request_Repository.Patch_Req_Repository.Patch_Req_TC1(Patch_Req_Repository.java:26)
at Request_Repository.Patch_Req_Repository.Patch_Req_TC1(Patch_Req_Repository.java:26)
at Request_Repository.Patch_Req_Repository.Patch_Req_TC1(Patch_Req_Repository.java:26)
at Request_Repository.Patch_Req_Repository.Patch_Req_TC1(Patch_Req_Repository.java:26)
at Request_Repository.Patch_Req_Repository.Patch_Req_TC1(Patch_Req_Repository.java:26)
at Request_Repository.Patch_Req_Repository.Patch_Req_TC1(Patch_Req_Repository.java:26)
at Request_Repository.Patch_Req_Repository.Patch_Req_TC1(Patch_Req_Repository.java:26)
at Request_Repository.Patch_Req_Repository.Patch_Req_TC1(Patch_Req_Repository.java:26)
at Request_Repository.Patch_Req_Repository.Patch_Req_TC1(Patch_Req_Repository.java:26)
at Request_Repository.Patch_Req_Repository.Patch_Req_TC1(Patch_Req_Repository.java:26)
at Request_Repository.Patch_Req_Repository.Patch_Req_TC1(Patch_Req_Repository.java:26)
at Request_Repository.Patch_Req_Repository.Patch_Req_TC1(Patch_Req_Repository.java:26)
at Request_Repository.Patch_Req_Repository.Patch_Req_TC1(Patch_Req_Repository.java:26)
at Request_Repository.Patch_Req_Repository.Patch_Req_TC1(Patch_Req_Repository.java:26)
at Request_Repository.Patch_Req_Repository.Patch_Req_TC1(Patch_Req_Repository.java:26)
at Request_Repository.Patch_Req_Repository.Patch_Req_TC1(Patch_Req_Repository.java:26)
at Request_Repository.Patch_Req_Repository.Patch_Req_TC1(Patch_Req_Repository.java:26)
at Request_Repository.Patch_Req_Repository.Patch_Req_TC1(Patch_Req_Repository.java:26)
at Request_Repository.Patch_Req_Repository.Patch_Req_TC1(Patch_Req_Repository.java:26)
at Request_Repository.Patch_Req_Repository.Patch_Req_TC1(Patch_Req_Repository.java:26)
at Request_Repository.Patch_Req_Repository.Patch_Req_TC1(Patch_Req_Repository.java:26)
at Request_Repository.Patch_Req_Repository.Patch_Req_TC1(Patch_Req_Repository.java:26)
at Request_Repository.Patch_Req_Repository.Patch_Req_TC1(Patch_Req_Repository.java:26)
at Request_Repository.Patch_Req_Repository.Patch_Req_TC1(Patch_Req_Repository.java:26)
at Request_Repository.Patch_Req_Repository.Patch_Req_TC1(Patch_Req_Repository.java:26)
at Request_Repository.Patch_Req_Repository.Patch_Req_TC1(Patch_Req_Repository.java:26)
at Request_Repository.Patch_Req_Repository.Patch_Req_TC1(Patch_Req_Repository.java:26)
at Request_Repository.Patch_Req_Repository.Patch_Req_TC1(Patch_Req_Repository.java:26)
at Request_Repository.Patch_Req_Repository.Patch_Req_TC1(Patch_Req_Repository.java:26)
at Request_Repository.Patch_Req_Repository.Patch_Req_TC1(Patch_Req_Repository.java:26)
at Request_Repository.Patch_Req_Repository.Patch_Req_TC1(Patch_Req_Repository.java:26)
at Request_Repository.Patch_Req_Repository.Patch_Req_TC1(Patch_Req_Repository.java:26)
at Request_Repository.Patch_Req_Repository.Patch_Req_TC1(Patch_Req_Repository.java:26)
at Request_Repository.Patch_Req_Repository.Patch_Req_TC1(Patch_Req_Repository.java:26)
at Request_Repository.Patch_Req_Repository.Patch_Req_TC1(Patch_Req_Repository.java:26)
at Request_Repository.Patch_Req_Repository.Patch_Req_TC1(Patch_Req_Repository.java:26)
at Request_Repository.Patch_Req_Repository.Patch_Req_TC1(Patch_Req_Repository.java:26)
at Request_Repository.Patch_Req_Repository.Patch_Req_TC1(Patch_Req_Repository.java:26)
at Request_Repository.Patch_Req_Repository.Patch_Req_TC1(Patch_Req_Repository.java:26)
at Request_Repository.Patch_Req_Repository.Patch_Req_TC1(Patch_Req_Repository.java:26)
at Request_Repository.Patch_Req_Repository.Patch_Req_TC1(Patch_Req_Repository.java:26)
at Request_Repository.Patch_Req_Repository.Patch_Req_TC1(Patch_Req_Repository.java:26)
at Request_Repository.Patch_Req_Repository.Patch_Req_TC1(Patch_Req_Repository.java:26)
at Request_Repository.Patch_Req_Repository.Patch_Req_TC1(Patch_Req_Repository.java:26)
at Request_Repository.Patch_Req_Repository.Patch_Req_TC1(Patch_Req_Repository.java:26)
at Request_Repository.Patch_Req_Repository.Patch_Req_TC1(Patch_Req_Repository.java:26)
at Request_Repository.Patch_Req_Repository.Patch_Req_TC1(Patch_Req_Repository.java:26)
at Request_Repository.Patch_Req_Repository.Patch_Req_TC1(Patch_Req_Repository.java:26)
at Request_Repository.Patch_Req_Repository.Patch_Req_TC1(Patch_Req_Repository.java:26)
at Request_Repository.Patch_Req_Repository.Patch_Req_TC1(Patch_Req_Repository.java:26)
at Request_Repository.Patch_Req_Repository.Patch_Req_TC1(Patch_Req_Repository.java:26)
at Request_Repository.Patch_Req_Repository.Patch_Req_TC1(Patch_Req_Repository.java:26)
at Request_Repository.Patch_Req_Repository.Patch_Req_TC1(Patch_Req_Repository.java:26)
at Request_Repository.Patch_Req_Repository.Patch_Req_TC1(Patch_Req_Repository.java:26)
at Request_Repository.Patch_Req_Repository.Patch_Req_TC1(Patch_Req_Repository.java:26)
at Request_Repository.Patch_Req_Repository.Patch_Req_TC1(Patch_Req_Repository.java:26)
at Request_Repository.Patch_Req_Repository.Patch_Req_TC1(Patch_Req_Repository.java:26)
at Request_Repository.Patch_Req_Repository.Patch_Req_TC1(Patch_Req_Repository.java:26)
at Request_Repository.Patch_Req_Repository.Patch_Req_TC1(Patch_Req_Repository.java:26)
at Request_Repository.Patch_Req_Repository.Patch_Req_TC1(Patch_Req_Repository.java:26)
at Request_Repository.Patch_Req_Repository.Patch_Req_TC1(Patch_Req_Repository.java:26)
at Request_Repository.Patch_Req_Repository.Patch_Req_TC1(Patch_Req_Repository.java:26)
at Request_Repository.Patch_Req_Repository.Patch_Req_TC1(Patch_Req_Repository.java:26)
at Request_Repository.Patch_Req_Repository.Patch_Req_TC1(Patch_Req_Repository.java:26)
at Request_Repository.Patch_Req_Repository.Patch_Req_TC1(Patch_Req_Repository.java:26)
at Request_Repository.Patch_Req_Repository.Patch_Req_TC1(Patch_Req_Repository.java:26)
at Request_Repository.Patch_Req_Repository.Patch_Req_TC1(Patch_Req_Repository.java:26)
at Request_Repository.Patch_Req_Repository.Patch_Req_TC1(Patch_Req_Repository.java:26)
at Request_Repository.Patch_Req_Repository.Patch_Req_TC1(Patch_Req_Repository.java:26)
at Request_Repository.Patch_Req_Repository.Patch_Req_TC1(Patch_Req_Repository.java:26)
at Request_Repository.Patch_Req_Repository.Patch_Req_TC1(Patch_Req_Repository.java:26)
at Request_Repository.Patch_Req_Repository.Patch_Req_TC1(Patch_Req_Repository.java:26)
at Request_Repository.Patch_Req_Repository.Patch_Req_TC1(Patch_Req_Repository.java:26)
at Request_Repository.Patch_Req_Repository.Patch_Req_TC1(Patch_Req_Repository.java:26)
at Request_Repository.Patch_Req_Repository.Patch_Req_TC1(Patch_Req_Repository.java:26)
at Request_Repository.Patch_Req_Repository.Patch_Req_TC1(Patch_Req_Repository.java:26)
at Request_Repository.Patch_Req_Repository.Patch_Req_TC1(Patch_Req_Repository.java:26)
at Request_Repository.Patch_Req_Repository.Patch_Req_TC1(Patch_Req_Repository.java:26)
at Request_Repository.Patch_Req_Repository.Patch_Req_TC1(Patch_Req_Repository.java:26)
at Request_Repository.Patch_Req_Repository.Patch_Req_TC1(Patch_Req_Repository.java:26)
at Request_Repository.Patch_Req_Repository.Patch_Req_TC1(Patch_Req_Repository.java:26)
at Request_Repository.Patch_Req_Repository.Patch_Req_TC1(Patch_Req_Repository.java:26)
at Request_Repository.Patch_Req_Repository.Patch_Req_TC1(Patch_Req_Repository.java:26)
at Request_Repository.Patch_Req_Repository.Patch_Req_TC1(Patch_Req_Repository.java:26)
at Request_Repository.Patch_Req_Repository.Patch_Req_TC1(Patch_Req_Repository.java:26)
at Request_Repository.Patch_Req_Repository.Patch_Req_TC1(Patch_Req_Repository.java:26)
at Request_Repository.Patch_Req_Repository.Patch_Req_TC1(Patch_Req_Repository.java:26)
at Request_Repository.Patch_Req_Repository.Patch_Req_TC1(Patch_Req_Repository.java:26)
at Request_Repository.Patch_Req_Repository.Patch_Req_TC1(Patch_Req_Repository.java:26)
at Request_Repository.Patch_Req_Repository.Patch_Req_TC1(Patch_Req_Repository.java:26)
at Request_Repository.Patch_Req_Repository.Patch_Req_TC1(Patch_Req_Repository.java:26)
at Request_Repository.Patch_Req_Repository.Patch_Req_TC1(Patch_Req_Repository.java:26)
at Request_Repository.Patch_Req_Repository.Patch_Req_TC1(Patch_Req_Repository.java:26)
at Request_Repository.Patch_Req_Repository.Patch_Req_TC1(Patch_Req_Repository.java:26)
at Request_Repository.Patch_Req_Repository.Patch_Req_TC1(Patch_Req_Repository.java:26)
at Request_Repository.Patch_Req_Repository.Patch_Req_TC1(Patch_Req_Repository.java:26)
at Request_Repository.Patch_Req_Repository.Patch_Req_TC1(Patch_Req_Repository.java:26)
at Request_Repository.Patch_Req_Repository.Patch_Req_TC1(Patch_Req_Repository.java:26)
at Request_Repository.Patch_Req_Repository.Patch_Req_TC1(Patch_Req_Repository.java:26)
at Request_Repository.Patch_Req_Repository.Patch_Req_TC1(Patch_Req_Repository.java:26)
at Request_Repository.Patch_Req_Repository.Patch_Req_TC1(Patch_Req_Repository.java:26)
at Request_Repository.Patch_Req_Repository.Patch_Req_TC1(Patch_Req_Repository.java:26)
at Request_Repository.Patch_Req_Repository.Patch_Req_TC1(Patch_Req_Repository.java:26)
at Request_Repository.Patch_Req_Repository.Patch_Req_TC1(Patch_Req_Repository.java:26)
at Request_Repository.Patch_Req_Repository.Patch_Req_TC1(Patch_Req_Repository.java:26)
at Request_Repository.Patch_Req_Repository.Patch_Req_TC1(Patch_Req_Repository.java:26)
at Request_Repository.Patch_Req_Repository.Patch_Req_TC1(Patch_Req_Repository.java:26)
at Request_Repository.Patch_Req_Repository.Patch_Req_TC1(Patch_Req_Repository.java:26)
at Request_Repository.Patch_Req_Repository.Patch_Req_TC1(Patch_Req_Repository.java:26)
at Request_Repository.Patch_Req_Repository.Patch_Req_TC1(Patch_Req_Repository.java:26)
at Request_Repository.Patch_Req_Repository.Patch_Req_TC1(Patch_Req_Repository.java:26)
at Request_Repository.Patch_Req_Repository.Patch_Req_TC1(Patch_Req_Repository.java:26)
at Request_Repository.Patch_Req_Repository.Patch_Req_TC1(Patch_Req_Repository.java:26)
at Request_Repository.Patch_Req_Repository.Patch_Req_TC1(Patch_Req_Repository.java:26)
at Request_Repository.Patch_Req_Repository.Patch_Req_TC1(Patch_Req_Repository.java:26)
at Request_Repository.Patch_Req_Repository.Patch_Req_TC1(Patch_Req_Repository.java:26)
at Request_Repository.Patch_Req_Repository.Patch_Req_TC1(Patch_Req_Repository.java:26)
at Request_Repository.Patch_Req_Repository.Patch_Req_TC1(Patch_Req_Repository.java:26)
at Request_Repository.Patch_Req_Repository.Patch_Req_TC1(Patch_Req_Repository.java:26)
at Request_Repository.Patch_Req_Repository.Patch_Req_TC1(Patch_Req_Repository.java:26)
at Request_Repository.Patch_Req_Repository.Patch_Req_TC1(Patch_Req_Repository.java:26)
at Request_Repository.Patch_Req_Repository.Patch_Req_TC1(Patch_Req_Repository.java:26)
at Request_Repository.Patch_Req_Repository.Patch_Req_TC1(Patch_Req_Repository.java:26)
at Request_Repository.Patch_Req_Repository.Patch_Req_TC1(Patch_Req_Repository.java:26)
at Request_Repository.Patch_Req_Repository.Patch_Req_TC1(Patch_Req_Repository.java:26)
at Request_Repository.Patch_Req_Repository.Patch_Req_TC1(Patch_Req_Repository.java:26)
at Request_Repository.Patch_Req_Repository.Patch_Req_TC1(Patch_Req_Repository.java:26)
at Request_Repository.Patch_Req_Repository.Patch_Req_TC1(Patch_Req_Repository.java:26)
at Request_Repository.Patch_Req_Repository.Patch_Req_TC1(Patch_Req_Repository.java:26)
at Request_Repository.Patch_Req_Repository.Patch_Req_TC1(Patch_Req_Repository.java:26)
at Request_Repository.Patch_Req_Repository.Patch_Req_TC1(Patch_Req_Repository.java:26)
at Request_Repository.Patch_Req_Repository.Patch_Req_TC1(Patch_Req_Repository.java:26)
at Request_Repository.Patch_Req_Repository.Patch_Req_TC1(Patch_Req_Repository.java:26)
at Request_Repository.Patch_Req_Repository.Patch_Req_TC1(Patch_Req_Repository.java:26)
at Request_Repository.Patch_Req_Repository.Patch_Req_TC1(Patch_Req_Repository.java:26)
at Request_Repository.Patch_Req_Repository.Patch_Req_TC1(Patch_Req_Repository.java:26)
at Request_Repository.Patch_Req_Repository.Patch_Req_TC1(Patch_Req_Repository.java:26)
at Request_Repository.Patch_Req_Repository.Patch_Req_TC1(Patch_Req_Repository.java:26)
at Request_Repository.Patch_Req_Repository.Patch_Req_TC1(Patch_Req_Repository.java:26)
at Request_Repository.Patch_Req_Repository.Patch_Req_TC1(Patch_Req_Repository.java:26)
at Request_Repository.Patch_Req_Repository.Patch_Req_TC1(Patch_Req_Repository.java:26)
at Request_Repository.Patch_Req_Repository.Patch_Req_TC1(Patch_Req_Repository.java:26)
at Request_Repository.Patch_Req_Repository.Patch_Req_TC1(Patch_Req_Repository.java:26)
at Request_Repository.Patch_Req_Repository.Patch_Req_TC1(Patch_Req_Repository.java:26)
at Request_Repository.Patch_Req_Repository.Patch_Req_TC1(Patch_Req_Repository.java:26)
at Request_Repository.Patch_Req_Repository.Patch_Req_TC1(Patch_Req_Repository.java:26)
at Request_Repository.Patch_Req_Repository.Patch_Req_TC1(Patch_Req_Repository.java:26)
at Request_Repository.Patch_Req_Repository.Patch_Req_TC1(Patch_Req_Repository.java:26)
at Request_Repository.Patch_Req_Repository.Patch_Req_TC1(Patch_Req_Repository.java:26)
at Request_Repository.Patch_Req_Repository.Patch_Req_TC1(Patch_Req_Repository.java:26)
at Request_Repository.Patch_Req_Repository.Patch_Req_TC1(Patch_Req_Repository.java:26)
at Request_Repository.Patch_Req_Repository.Patch_Req_TC1(Patch_Req_Repository.java:26)
at Request_Repository.Patch_Req_Repository.Patch_Req_TC1(Patch_Req_Repository.java:26)
at Request_Repository.Patch_Req_Repository.Patch_Req_TC1(Patch_Req_Repository.java:26)
at Request_Repository.Patch_Req_Repository.Patch_Req_TC1(Patch_Req_Repository.java:26)
at Request_Repository.Patch_Req_Repository.Patch_Req_TC1(Patch_Req_Repository.java:26)
at Request_Repository.Patch_Req_Repository.Patch_Req_TC1(Patch_Req_Repository.java:26)
at Request_Repository.Patch_Req_Repository.Patch_Req_TC1(Patch_Req_Repository.java:26)
at Request_Repository.Patch_Req_Repository.Patch_Req_TC1(Patch_Req_Repository.java:26)
at Request_Repository.Patch_Req_Repository.Patch_Req_TC1(Patch_Req_Repository.java:26)
at Request_Repository.Patch_Req_Repository.Patch_Req_TC1(Patch_Req_Repository.java:26)
at Request_Repository.Patch_Req_Repository.Patch_Req_TC1(Patch_Req_Repository.java:26)
at Request_Repository.Patch_Req_Repository.Patch_Req_TC1(Patch_Req_Repository.java:26)
at Request_Repository.Patch_Req_Repository.Patch_Req_TC1(Patch_Req_Repository.java:26)
at Request_Repository.Patch_Req_Repository.Patch_Req_TC1(Patch_Req_Repository.java:26)
at Request_Repository.Patch_Req_Repository.Patch_Req_TC1(Patch_Req_Repository.java:26)
at Request_Repository.Patch_Req_Repository.Patch_Req_TC1(Patch_Req_Repository.java:26)
at Request_Repository.Patch_Req_Repository.Patch_Req_TC1(Patch_Req_Repository.java:26)
at Request_Repository.Patch_Req_Repository.Patch_Req_TC1(Patch_Req_Repository.java:26)
at Request_Repository.Patch_Req_Repository.Patch_Req_TC1(Patch_Req_Repository.java:26)
at Request_Repository.Patch_Req_Repository.Patch_Req_TC1(Patch_Req_Repository.java:26)
at Request_Repository.Patch_Req_Repository.Patch_Req_TC1(Patch_Req_Repository.java:26)
at Request_Repository.Patch_Req_Repository.Patch_Req_TC1(Patch_Req_Repository.java:26)
at Request_Repository.Patch_Req_Repository.Patch_Req_TC1(Patch_Req_Repository.java:26)
at Request_Repository.Patch_Req_Repository.Patch_Req_TC1(Patch_Req_Repository.java:26)
at Request_Repository.Patch_Req_Repository.Patch_Req_TC1(Patch_Req_Repository.java:26)
at Request_Repository.Patch_Req_Repository.Patch_Req_TC1(Patch_Req_Repository.java:26)
at Request_Repository.Patch_Req_Repository.Patch_Req_TC1(Patch_Req_Repository.java:26)
at Request_Repository.Patch_Req_Repository.Patch_Req_TC1(Patch_Req_Repository.java:26)
at Request_Repository.Patch_Req_Repository.Patch_Req_TC1(Patch_Req_Repository.java:26)
at Request_Repository.Patch_Req_Repository.Patch_Req_TC1(Patch_Req_Repository.java:26)
at Request_Repository.Patch_Req_Repository.Patch_Req_TC1(Patch_Req_Repository.java:26)
at Request_Repository.Patch_Req_Repository.Patch_Req_TC1(Patch_Req_Repository.java:26)
at Request_Repository.Patch_Req_Repository.Patch_Req_TC1(Patch_Req_Repository.java:26)
at Request_Repository.Patch_Req_Repository.Patch_Req_TC1(Patch_Req_Repository.java:26)
at Request_Repository.Patch_Req_Repository.Patch_Req_TC1(Patch_Req_Repository.java:26)
at Request_Repository.Patch_Req_Repository.Patch_Req_TC1(Patch_Req_Repository.java:26)
at Request_Repository.Patch_Req_Repository.Patch_Req_TC1(Patch_Req_Repository.java:26)
at Request_Repository.Patch_Req_Repository.Patch_Req_TC1(Patch_Req_Repository.java:26)
at Request_Repository.Patch_Req_Repository.Patch_Req_TC1(Patch_Req_Repository.java:26)
at Request_Repository.Patch_Req_Repository.Patch_Req_TC1(Patch_Req_Repository.java:26)
at Request_Repository.Patch_Req_Repository.Patch_Req_TC1(Patch_Req_Repository.java:26)
at Request_Repository.Patch_Req_Repository.Patch_Req_TC1(Patch_Req_Repository.java:26)
at Request_Repository.Patch_Req_Repository.Patch_Req_TC1(Patch_Req_Repository.java:26)
at Request_Repository.Patch_Req_Repository.Patch_Req_TC1(Patch_Req_Repository.java:26)
at Request_Repository.Patch_Req_Repository.Patch_Req_TC1(Patch_Req_Repository.java:26)
at Request_Repository.Patch_Req_Repository.Patch_Req_TC1(Patch_Req_Repository.java:26)
at Request_Repository.Patch_Req_Repository.Patch_Req_TC1(Patch_Req_Repository.java:26)
at Request_Repository.Patch_Req_Repository.Patch_Req_TC1(Patch_Req_Repository.java:26)
at Request_Repository.Patch_Req_Repository.Patch_Req_TC1(Patch_Req_Repository.java:26)
at Request_Repository.Patch_Req_Repository.Patch_Req_TC1(Patch_Req_Repository.java:26)
at Request_Repository.Patch_Req_Repository.Patch_Req_TC1(Patch_Req_Repository.java:26)
at Request_Repository.Patch_Req_Repository.Patch_Req_TC1(Patch_Req_Repository.java:26)
at Request_Repository.Patch_Req_Repository.Patch_Req_TC1(Patch_Req_Repository.java:26)
at Request_Repository.Patch_Req_Repository.Patch_Req_TC1(Patch_Req_Repository.java:26)
at Request_Repository.Patch_Req_Repository.Patch_Req_TC1(Patch_Req_Repository.java:26)
at Request_Repository.Patch_Req_Repository.Patch_Req_TC1(Patch_Req_Repository.java:26)
at Request_Repository.Patch_Req_Repository.Patch_Req_TC1(Patch_Req_Repository.java:26)
at Request_Repository.Patch_Req_Repository.Patch_Req_TC1(Patch_Req_Repository.java:26)
at Request_Repository.Patch_Req_Repository.Patch_Req_TC1(Patch_Req_Repository.java:26)
at Request_Repository.Patch_Req_Repository.Patch_Req_TC1(Patch_Req_Repository.java:26)
at Request_Repository.Patch_Req_Repository.Patch_Req_TC1(Patch_Req_Repository.java:26)
at Request_Repository.Patch_Req_Repository.Patch_Req_TC1(Patch_Req_Repository.java:26)
at Request_Repository.Patch_Req_Repository.Patch_Req_TC1(Patch_Req_Repository.java:26)
at Request_Repository.Patch_Req_Repository.Patch_Req_TC1(Patch_Req_Repository.java:26)
at Request_Repository.Patch_Req_Repository.Patch_Req_TC1(Patch_Req_Repository.java:26)
at Request_Repository.Patch_Req_Repository.Patch_Req_TC1(Patch_Req_Repository.java:26)
at Request_Repository.Patch_Req_Repository.Patch_Req_TC1(Patch_Req_Repository.java:26)
at Request_Repository.Patch_Req_Repository.Patch_Req_TC1(Patch_Req_Repository.java:26)
at Request_Repository.Patch_Req_Repository.Patch_Req_TC1(Patch_Req_Repository.java:26)
at Request_Repository.Patch_Req_Repository.Patch_Req_TC1(Patch_Req_Repository.java:26)
at Request_Repository.Patch_Req_Repository.Patch_Req_TC1(Patch_Req_Repository.java:26)
at Request_Repository.Patch_Req_Repository.Patch_Req_TC1(Patch_Req_Repository.java:26)
at Request_Repository.Patch_Req_Repository.Patch_Req_TC1(Patch_Req_Repository.java:26)
at Request_Repository.Patch_Req_Repository.Patch_Req_TC1(Patch_Req_Repository.java:26)
at Request_Repository.Patch_Req_Repository.Patch_Req_TC1(Patch_Req_Repository.java:26)
at Request_Repository.Patch_Req_Repository.Patch_Req_TC1(Patch_Req_Repository.java:26)
at Request_Repository.Patch_Req_Repository.Patch_Req_TC1(Patch_Req_Repository.java:26)
at Request_Repository.Patch_Req_Repository.Patch_Req_TC1(Patch_Req_Repository.java:26)
at Request_Repository.Patch_Req_Repository.Patch_Req_TC1(Patch_Req_Repository.java:26)
at Request_Repository.Patch_Req_Repository.Patch_Req_TC1(Patch_Req_Repository.java:26)
at Request_Repository.Patch_Req_Repository.Patch_Req_TC1(Patch_Req_Repository.java:26)
at Request_Repository.Patch_Req_Repository.Patch_Req_TC1(Patch_Req_Repository.java:26)
at Request_Repository.Patch_Req_Repository.Patch_Req_TC1(Patch_Req_Repository.java:26)
at Request_Repository.Patch_Req_Repository.Patch_Req_TC1(Patch_Req_Repository.java:26)
at Request_Repository.Patch_Req_Repository.Patch_Req_TC1(Patch_Req_Repository.java:26)
at Request_Repository.Patch_Req_Repository.Patch_Req_TC1(Patch_Req_Repository.java:26)
at Request_Repository.Patch_Req_Repository.Patch_Req_TC1(Patch_Req_Repository.java:26)
at Request_Repository.Patch_Req_Repository.Patch_Req_TC1(Patch_Req_Repository.java:26)
at Request_Repository.Patch_Req_Repository.Patch_Req_TC1(Patch_Req_Repository.java:26)
at Request_Repository.Patch_Req_Repository.Patch_Req_TC1(Patch_Req_Repository.java:26)
at Request_Repository.Patch_Req_Repository.Patch_Req_TC1(Patch_Req_Repository.java:26)
at Request_Repository.Patch_Req_Repository.Patch_Req_TC1(Patch_Req_Repository.java:26)
at Request_Repository.Patch_Req_Repository.Patch_Req_TC1(Patch_Req_Repository.java:26)
at Request_Repository.Patch_Req_Repository.Patch_Req_TC1(Patch_Req_Repository.java:26)
at Request_Repository.Patch_Req_Repository.Patch_Req_TC1(Patch_Req_Repository.java:26)
at Request_Repository.Patch_Req_Repository.Patch_Req_TC1(Patch_Req_Repository.java:26)
at Request_Repository.Patch_Req_Repository.Patch_Req_TC1(Patch_Req_Repository.java:26)
at Request_Repository.Patch_Req_Repository.Patch_Req_TC1(Patch_Req_Repository.java:26)
at Request_Repository.Patch_Req_Repository.Patch_Req_TC1(Patch_Req_Repository.java:26)
at Request_Repository.Patch_Req_Repository.Patch_Req_TC1(Patch_Req_Repository.java:26)
at Request_Repository.Patch_Req_Repository.Patch_Req_TC1(Patch_Req_Repository.java:26)
at Request_Repository.Patch_Req_Repository.Patch_Req_TC1(Patch_Req_Repository.java:26)
at Request_Repository.Patch_Req_Repository.Patch_Req_TC1(Patch_Req_Repository.java:26)
at Request_Repository.Patch_Req_Repository.Patch_Req_TC1(Patch_Req_Repository.java:26)
at Request_Repository.Patch_Req_Repository.Patch_Req_TC1(Patch_Req_Repository.java:26)
at Request_Repository.Patch_Req_Repository.Patch_Req_TC1(Patch_Req_Repository.java:26)
at Request_Repository.Patch_Req_Repository.Patch_Req_TC1(Patch_Req_Repository.java:26)
at Request_Repository.Patch_Req_Repository.Patch_Req_TC1(Patch_Req_Repository.java:26)
at Request_Repository.Patch_Req_Repository.Patch_Req_TC1(Patch_Req_Repository.java:26)
at Request_Repository.Patch_Req_Repository.Patch_Req_TC1(Patch_Req_Repository.java:26)
at Request_Repository.Patch_Req_Repository.Patch_Req_TC1(Patch_Req_Repository.java:26)
at Request_Repository.Patch_Req_Repository.Patch_Req_TC1(Patch_Req_Repository.java:26)
at Request_Repository.Patch_Req_Repository.Patch_Req_TC1(Patch_Req_Repository.java:26)
at Request_Repository.Patch_Req_Repository.Patch_Req_TC1(Patch_Req_Repository.java:26)
at Request_Repository.Patch_Req_Repository.Patch_Req_TC1(Patch_Req_Repository.java:26)
at Request_Repository.Patch_Req_Repository.Patch_Req_TC1(Patch_Req_Repository.java:26)
at Request_Repository.Patch_Req_Repository.Patch_Req_TC1(Patch_Req_Repository.java:26)
at Request_Repository.Patch_Req_Repository.Patch_Req_TC1(Patch_Req_Repository.java:26)
at Request_Repository.Patch_Req_Repository.Patch_Req_TC1(Patch_Req_Repository.java:26)
at Request_Repository.Patch_Req_Repository.Patch_Req_TC1(Patch_Req_Repository.java:26)
at Request_Repository.Patch_Req_Repository.Patch_Req_TC1(Patch_Req_Repository.java:26)
at Request_Repository.Patch_Req_Repository.Patch_Req_TC1(Patch_Req_Repository.java:26)
at Request_Repository.Patch_Req_Repository.Patch_Req_TC1(Patch_Req_Repository.java:26)
at Request_Repository.Patch_Req_Repository.Patch_Req_TC1(Patch_Req_Repository.java:26)
at Request_Repository.Patch_Req_Repository.Patch_Req_TC1(Patch_Req_Repository.java:26)
at Request_Repository.Patch_Req_Repository.Patch_Req_TC1(Patch_Req_Repository.java:26)
at Request_Repository.Patch_Req_Repository.Patch_Req_TC1(Patch_Req_Repository.java:26)
at Request_Repository.Patch_Req_Repository.Patch_Req_TC1(Patch_Req_Repository.java:26)
at Request_Repository.Patch_Req_Repository.Patch_Req_TC1(Patch_Req_Repository.java:26)
at Request_Repository.Patch_Req_Repository.Patch_Req_TC1(Patch_Req_Repository.java:26)
at Request_Repository.Patch_Req_Repository.Patch_Req_TC1(Patch_Req_Repository.java:26)
at Request_Repository.Patch_Req_Repository.Patch_Req_TC1(Patch_Req_Repository.java:26)
at Request_Repository.Patch_Req_Repository.Patch_Req_TC1(Patch_Req_Repository.java:26)
at Request_Repository.Patch_Req_Repository.Patch_Req_TC1(Patch_Req_Repository.java:26)
at Request_Repository.Patch_Req_Repository.Patch_Req_TC1(Patch_Req_Repository.java:26)
at Request_Repository.Patch_Req_Repository.Patch_Req_TC1(Patch_Req_Repository.java:26)
at Request_Repository.Patch_Req_Repository.Patch_Req_TC1(Patch_Req_Repository.java:26)
at Request_Repository.Patch_Req_Repository.Patch_Req_TC1(Patch_Req_Repository.java:26)
at Request_Repository.Patch_Req_Repository.Patch_Req_TC1(Patch_Req_Repository.java:26)
at Request_Repository.Patch_Req_Repository.Patch_Req_TC1(Patch_Req_Repository.java:26)
at Request_Repository.Patch_Req_Repository.Patch_Req_TC1(Patch_Req_Repository.java:26)
at Request_Repository.Patch_Req_Repository.Patch_Req_TC1(Patch_Req_Repository.java:26)
at Request_Repository.Patch_Req_Repository.Patch_Req_TC1(Patch_Req_Repository.java:26)
at Request_Repository.Patch_Req_Repository.Patch_Req_TC1(Patch_Req_Repository.java:26)
at Request_Repository.Patch_Req_Repository.Patch_Req_TC1(Patch_Req_Repository.java:26)
at Request_Repository.Patch_Req_Repository.Patch_Req_TC1(Patch_Req_Repository.java:26)
at Request_Repository.Patch_Req_Repository.Patch_Req_TC1(Patch_Req_Repository.java:26)
at Request_Repository.Patch_Req_Repository.Patch_Req_TC1(Patch_Req_Repository.java:26)
at Request_Repository.Patch_Req_Repository.Patch_Req_TC1(Patch_Req_Repository.java:26)
at Request_Repository.Patch_Req_Repository.Patch_Req_TC1(Patch_Req_Repository.java:26)
at Request_Repository.Patch_Req_Repository.Patch_Req_TC1(Patch_Req_Repository.java:26)
at Request_Repository.Patch_Req_Repository.Patch_Req_TC1(Patch_Req_Repository.java:26)
at Request_Repository.Patch_Req_Repository.Patch_Req_TC1(Patch_Req_Repository.java:26)
at Request_Repository.Patch_Req_Repository.Patch_Req_TC1(Patch_Req_Repository.java:26)
at Request_Repository.Patch_Req_Repository.Patch_Req_TC1(Patch_Req_Repository.java:26)
at Request_Repository.Patch_Req_Repository.Patch_Req_TC1(Patch_Req_Repository.java:26)
at Request_Repository.Patch_Req_Repository.Patch_Req_TC1(Patch_Req_Repository.java:26)
at Request_Repository.Patch_Req_Repository.Patch_Req_TC1(Patch_Req_Repository.java:26)
at Request_Repository.Patch_Req_Repository.Patch_Req_TC1(Patch_Req_Repository.java:26)
at Request_Repository.Patch_Req_Repository.Patch_Req_TC1(Patch_Req_Repository.java:26)
at Request_Repository.Patch_Req_Repository.Patch_Req_TC1(Patch_Req_Repository.java:26)
at Request_Repository.Patch_Req_Repository.Patch_Req_TC1(Patch_Req_Repository.java:26)
at Request_Repository.Patch_Req_Repository.Patch_Req_TC1(Patch_Req_Repository.java:26)
at Request_Repository.Patch_Req_Repository.Patch_Req_TC1(Patch_Req_Repository.java:26)
at Request_Repository.Patch_Req_Repository.Patch_Req_TC1(Patch_Req_Repository.java:26)
at Request_Repository.Patch_Req_Repository.Patch_Req_TC1(Patch_Req_Repository.java:26)
at Request_Repository.Patch_Req_Repository.Patch_Req_TC1(Patch_Req_Repository.java:26)
at Request_Repository.Patch_Req_Repository.Patch_Req_TC1(Patch_Req_Repository.java:26)
at Request_Repository.Patch_Req_Repository.Patch_Req_TC1(Patch_Req_Repository.java:26)
at Request_Repository.Patch_Req_Repository.Patch_Req_TC1(Patch_Req_Repository.java:26)
at Request_Repository.Patch_Req_Repository.Patch_Req_TC1(Patch_Req_Repository.java:26)
at Request_Repository.Patch_Req_Repository.Patch_Req_TC1(Patch_Req_Repository.java:26)
at Request_Repository.Patch_Req_Repository.Patch_Req_TC1(Patch_Req_Repository.java:26)
at Request_Repository.Patch_Req_Repository.Patch_Req_TC1(Patch_Req_Repository.java:26)
at Request_Repository.Patch_Req_Repository.Patch_Req_TC1(Patch_Req_Repository.java:26)
at Request_Repository.Patch_Req_Repository.Patch_Req_TC1(Patch_Req_Repository.java:26)
at Request_Repository.Patch_Req_Repository.Patch_Req_TC1(Patch_Req_Repository.java:26)
at Request_Repository.Patch_Req_Repository.Patch_Req_TC1(Patch_Req_Repository.java:26)
at Request_Repository.Patch_Req_Repository.Patch_Req_TC1(Patch_Req_Repository.java:26)
at Request_Repository.Patch_Req_Repository.Patch_Req_TC1(Patch_Req_Repository.java:26)
at Request_Repository.Patch_Req_Repository.Patch_Req_TC1(Patch_Req_Repository.java:26)
at Request_Repository.Patch_Req_Repository.Patch_Req_TC1(Patch_Req_Repository.java:26)
at Request_Repository.Patch_Req_Repository.Patch_Req_TC1(Patch_Req_Repository.java:26)
at Request_Repository.Patch_Req_Repository.Patch_Req_TC1(Patch_Req_Repository.java:26)
at Request_Repository.Patch_Req_Repository.Patch_Req_TC1(Patch_Req_Repository.java:26)
at Request_Repository.Patch_Req_Repository.Patch_Req_TC1(Patch_Req_Repository.java:26)
at Request_Repository.Patch_Req_Repository.Patch_Req_TC1(Patch_Req_Repository.java:26)
at Request_Repository.Patch_Req_Repository.Patch_Req_TC1(Patch_Req_Repository.java:26)
at Request_Repository.Patch_Req_Repository.Patch_Req_TC1(Patch_Req_Repository.java:26)
at Request_Repository.Patch_Req_Repository.Patch_Req_TC1(Patch_Req_Repository.java:26)
at Request_Repository.Patch_Req_Repository.Patch_Req_TC1(Patch_Req_Repository.java:26)
at Request_Repository.Patch_Req_Repository.Patch_Req_TC1(Patch_Req_Repository.java:26)
at Request_Repository.Patch_Req_Repository.Patch_Req_TC1(Patch_Req_Repository.java:26)
at Request_Repository.Patch_Req_Repository.Patch_Req_TC1(Patch_Req_Repository.java:26)
at Request_Repository.Patch_Req_Repository.Patch_Req_TC1(Patch_Req_Repository.java:26)
at Request_Repository.Patch_Req_Repository.Patch_Req_TC1(Patch_Req_Repository.java:26)
at Request_Repository.Patch_Req_Repository.Patch_Req_TC1(Patch_Req_Repository.java:26)
at Request_Repository.Patch_Req_Repository.Patch_Req_TC1(Patch_Req_Repository.java:26)
at Request_Repository.Patch_Req_Repository.Patch_Req_TC1(Patch_Req_Repository.java:26)
at Request_Repository.Patch_Req_Repository.Patch_Req_TC1(Patch_Req_Repository.java:26)
at Request_Repository.Patch_Req_Repository.Patch_Req_TC1(Patch_Req_Repository.java:26)
at Request_Repository.Patch_Req_Repository.Patch_Req_TC1(Patch_Req_Repository.java:26)
at Request_Repository.Patch_Req_Repository.Patch_Req_TC1(Patch_Req_Repository.java:26)
at Request_Repository.Patch_Req_Repository.Patch_Req_TC1(Patch_Req_Repository.java:26)
at Request_Repository.Patch_Req_Repository.Patch_Req_TC1(Patch_Req_Repository.java:26)
at Request_Repository.Patch_Req_Repository.Patch_Req_TC1(Patch_Req_Repository.java:26)
at Request_Repository.Patch_Req_Repository.Patch_Req_TC1(Patch_Req_Repository.java:26)
at Request_Repository.Patch_Req_Repository.Patch_Req_TC1(Patch_Req_Repository.java:26)
at Request_Repository.Patch_Req_Repository.Patch_Req_TC1(Patch_Req_Repository.java:26)
at Request_Repository.Patch_Req_Repository.Patch_Req_TC1(Patch_Req_Repository.java:26)
at Request_Repository.Patch_Req_Repository.Patch_Req_TC1(Patch_Req_Repository.java:26)
at Request_Repository.Patch_Req_Repository.Patch_Req_TC1(Patch_Req_Repository.java:26)
at Request_Repository.Patch_Req_Repository.Patch_Req_TC1(Patch_Req_Repository.java:26)
at Request_Repository.Patch_Req_Repository.Patch_Req_TC1(Patch_Req_Repository.java:26)
at Request_Repository.Patch_Req_Repository.Patch_Req_TC1(Patch_Req_Repository.java:26)
at Request_Repository.Patch_Req_Repository.Patch_Req_TC1(Patch_Req_Repository.java:26)
at Request_Repository.Patch_Req_Repository.Patch_Req_TC1(Patch_Req_Repository.java:26)
at Request_Repository.Patch_Req_Repository.Patch_Req_TC1(Patch_Req_Repository.java:26)
at Request_Repository.Patch_Req_Repository.Patch_Req_TC1(Patch_Req_Repository.java:26)
at Request_Repository.Patch_Req_Repository.Patch_Req_TC1(Patch_Req_Repository.java:26)
at Request_Repository.Patch_Req_Repository.Patch_Req_TC1(Patch_Req_Repository.java:26)
at Request_Repository.Patch_Req_Repository.Patch_Req_TC1(Patch_Req_Repository.java:26)
at Request_Repository.Patch_Req_Repository.Patch_Req_TC1(Patch_Req_Repository.java:26)
at Request_Repository.Patch_Req_Repository.Patch_Req_TC1(Patch_Req_Repository.java:26)
at Request_Repository.Patch_Req_Repository.Patch_Req_TC1(Patch_Req_Repository.java:26)
at Request_Repository.Patch_Req_Repository.Patch_Req_TC1(Patch_Req_Repository.java:26)
at Request_Repository.Patch_Req_Repository.Patch_Req_TC1(Patch_Req_Repository.java:26)
at Request_Repository.Patch_Req_Repository.Patch_Req_TC1(Patch_Req_Repository.java:26)
at Request_Repository.Patch_Req_Repository.Patch_Req_TC1(Patch_Req_Repository.java:26)
at Request_Repository.Patch_Req_Repository.Patch_Req_TC1(Patch_Req_Repository.java:26)
at Request_Repository.Patch_Req_Repository.Patch_Req_TC1(Patch_Req_Repository.java:26)
at Request_Repository.Patch_Req_Repository.Patch_Req_TC1(Patch_Req_Repository.java:26)
at Request_Repository.Patch_Req_Repository.Patch_Req_TC1(Patch_Req_Repository.java:26)
at Request_Repository.Patch_Req_Repository.Patch_Req_TC1(Patch_Req_Repository.java:26)
at Request_Repository.Patch_Req_Repository.Patch_Req_TC1(Patch_Req_Repository.java:26)
at Request_Repository.Patch_Req_Repository.Patch_Req_TC1(Patch_Req_Repository.java:26)
at Request_Repository.Patch_Req_Repository.Patch_Req_TC1(Patch_Req_Repository.java:26)
at Request_Repository.Patch_Req_Repository.Patch_Req_TC1(Patch_Req_Repository.java:26)
at Request_Repository.Patch_Req_Repository.Patch_Req_TC1(Patch_Req_Repository.java:26)
at Request_Repository.Patch_Req_Repository.Patch_Req_TC1(Patch_Req_Repository.java:26)
at Request_Repository.Patch_Req_Repository.Patch_Req_TC1(Patch_Req_Repository.java:26)
at Request_Repository.Patch_Req_Repository.Patch_Req_TC1(Patch_Req_Repository.java:26)
at Request_Repository.Patch_Req_Repository.Patch_Req_TC1(Patch_Req_Repository.java:26)
at Request_Repository.Patch_Req_Repository.Patch_Req_TC1(Patch_Req_Repository.java:26)
at Request_Repository.Patch_Req_Repository.Patch_Req_TC1(Patch_Req_Repository.java:26)
at Request_Repository.Patch_Req_Repository.Patch_Req_TC1(Patch_Req_Repository.java:26)
at Request_Repository.Patch_Req_Repository.Patch_Req_TC1(Patch_Req_Repository.java:26)
at Request_Repository.Patch_Req_Repository.Patch_Req_TC1(Patch_Req_Repository.java:26)
at Request_Repository.Patch_Req_Repository.Patch_Req_TC1(Patch_Req_Repository.java:26)
at Request_Repository.Patch_Req_Repository.Patch_Req_TC1(Patch_Req_Repository.java:26)
at Request_Repository.Patch_Req_Repository.Patch_Req_TC1(Patch_Req_Repository.java:26)
at Request_Repository.Patch_Req_Repository.Patch_Req_TC1(Patch_Req_Repository.java:26)
at Request_Repository.Patch_Req_Repository.Patch_Req_TC1(Patch_Req_Repository.java:26)
at Request_Repository.Patch_Req_Repository.Patch_Req_TC1(Patch_Req_Repository.java:26)
at Request_Repository.Patch_Req_Repository.Patch_Req_TC1(Patch_Req_Repository.java:26)
at Request_Repository.Patch_Req_Repository.Patch_Req_TC1(Patch_Req_Repository.java:26)
at Request_Repository.Patch_Req_Repository.Patch_Req_TC1(Patch_Req_Repository.java:26)
at Request_Repository.Patch_Req_Repository.Patch_Req_TC1(Patch_Req_Repository.java:26)
at Request_Repository.Patch_Req_Repository.Patch_Req_TC1(Patch_Req_Repository.java:26)
at Request_Repository.Patch_Req_Repository.Patch_Req_TC1(Patch_Req_Repository.java:26)
at Request_Repository.Patch_Req_Repository.Patch_Req_TC1(Patch_Req_Repository.java:26)
at Request_Repository.Patch_Req_Repository.Patch_Req_TC1(Patch_Req_Repository.java:26)
at Request_Repository.Patch_Req_Repository.Patch_Req_TC1(Patch_Req_Repository.java:26)
at Request_Repository.Patch_Req_Repository.Patch_Req_TC1(Patch_Req_Repository.java:26)
at Request_Repository.Patch_Req_Repository.Patch_Req_TC1(Patch_Req_Repository.java:26)
at Request_Repository.Patch_Req_Repository.Patch_Req_TC1(Patch_Req_Repository.java:26)
at Request_Repository.Patch_Req_Repository.Patch_Req_TC1(Patch_Req_Repository.java:26)
at Request_Repository.Patch_Req_Repository.Patch_Req_TC1(Patch_Req_Repository.java:26)
at Request_Repository.Patch_Req_Repository.Patch_Req_TC1(Patch_Req_Repository.java:26)
at Request_Repository.Patch_Req_Repository.Patch_Req_TC1(Patch_Req_Repository.java:26)
at Request_Repository.Patch_Req_Repository.Patch_Req_TC1(Patch_Req_Repository.java:26)
at Request_Repository.Patch_Req_Repository.Patch_Req_TC1(Patch_Req_Repository.java:26)
at Request_Repository.Patch_Req_Repository.Patch_Req_TC1(Patch_Req_Repository.java:26)
at Request_Repository.Patch_Req_Repository.Patch_Req_TC1(Patch_Req_Repository.java:26)
at Request_Repository.Patch_Req_Repository.Patch_Req_TC1(Patch_Req_Repository.java:26)
at Request_Repository.Patch_Req_Repository.Patch_Req_TC1(Patch_Req_Repository.java:26)
at Request_Repository.Patch_Req_Repository.Patch_Req_TC1(Patch_Req_Repository.java:26)
at Request_Repository.Patch_Req_Repository.Patch_Req_TC1(Patch_Req_Repository.java:26)
at Request_Repository.Patch_Req_Repository.Patch_Req_TC1(Patch_Req_Repository.java:26)
at Request_Repository.Patch_Req_Repository.Patch_Req_TC1(Patch_Req_Repository.java:26)
at Request_Repository.Patch_Req_Repository.Patch_Req_TC1(Patch_Req_Repository.java:26)
at Request_Repository.Patch_Req_Repository.Patch_Req_TC1(Patch_Req_Repository.java:26)
at Request_Repository.Patch_Req_Repository.Patch_Req_TC1(Patch_Req_Repository.java:26)
at Request_Repository.Patch_Req_Repository.Patch_Req_TC1(Patch_Req_Repository.java:26)
at Request_Repository.Patch_Req_Repository.Patch_Req_TC1(Patch_Req_Repository.java:26)
at Request_Repository.Patch_Req_Repository.Patch_Req_TC1(Patch_Req_Repository.java:26)
at Request_Repository.Patch_Req_Repository.Patch_Req_TC1(Patch_Req_Repository.java:26)
at Request_Repository.Patch_Req_Repository.Patch_Req_TC1(Patch_Req_Repository.java:26)
at Request_Repository.Patch_Req_Repository.Patch_Req_TC1(Patch_Req_Repository.java:26)
at Request_Repository.Patch_Req_Repository.Patch_Req_TC1(Patch_Req_Repository.java:26)
at Request_Repository.Patch_Req_Repository.Patch_Req_TC1(Patch_Req_Repository.java:26)
at Request_Repository.Patch_Req_Repository.Patch_Req_TC1(Patch_Req_Repository.java:26)
at Request_Repository.Patch_Req_Repository.Patch_Req_TC1(Patch_Req_Repository.java:26)
at Request_Repository.Patch_Req_Repository.Patch_Req_TC1(Patch_Req_Repository.java:26)
at Request_Repository.Patch_Req_Repository.Patch_Req_TC1(Patch_Req_Repository.java:26)
at Request_Repository.Patch_Req_Repository.Patch_Req_TC1(Patch_Req_Repository.java:26)
at Request_Repository.Patch_Req_Repository.Patch_Req_TC1(Patch_Req_Repository.java:26)
at Request_Repository.Patch_Req_Repository.Patch_Req_TC1(Patch_Req_Repository.java:26)
at Request_Repository.Patch_Req_Repository.Patch_Req_TC1(Patch_Req_Repository.java:26)
at Request_Repository.Patch_Req_Repository.Patch_Req_TC1(Patch_Req_Repository.java:26)
at Request_Repository.Patch_Req_Repository.Patch_Req_TC1(Patch_Req_Repository.java:26)
at Request_Repository.Patch_Req_Repository.Patch_Req_TC1(Patch_Req_Repository.java:26)
at Request_Repository.Patch_Req_Repository.Patch_Req_TC1(Patch_Req_Repository.java:26)
at Request_Repository.Patch_Req_Repository.Patch_Req_TC1(Patch_Req_Repository.java:26)
at Request_Repository.Patch_Req_Repository.Patch_Req_TC1(Patch_Req_Repository.java:26)
at Request_Repository.Patch_Req_Repository.Patch_Req_TC1(Patch_Req_Repository.java:26)
at Request_Repository.Patch_Req_Repository.Patch_Req_TC1(Patch_Req_Repository.java:26)
at Request_Repository.Patch_Req_Repository.Patch_Req_TC1(Patch_Req_Repository.java:26)
at Request_Repository.Patch_Req_Repository.Patch_Req_TC1(Patch_Req_Repository.java:26)
at Request_Repository.Patch_Req_Repository.Patch_Req_TC1(Patch_Req_Repository.java:26)
]]>
            </full-stacktrace>
          </exception> <!-- java.lang.StackOverflowError -->
          <reporter-output>
          </reporter-output>
        </test-method> <!-- extractor -->
      </class> <!-- Test_class.Patch_Ref_DataDriven -->
    </test> <!-- Default test -->
  </suite> <!-- Default suite -->
</testng-results>
